ARM GAS  C:\Users\gding\AppData\Local\Temp\ccRqutdJ.s 			page 1


   1              		.syntax unified
   2              		.cpu cortex-m3
   3              		.fpu softvfp
   4              		.eabi_attribute 20, 1
   5              		.eabi_attribute 21, 1
   6              		.eabi_attribute 23, 3
   7              		.eabi_attribute 24, 1
   8              		.eabi_attribute 25, 1
   9              		.eabi_attribute 26, 1
  10              		.eabi_attribute 30, 1
  11              		.eabi_attribute 34, 1
  12              		.eabi_attribute 18, 4
  13              		.thumb
  14              		.file	"cymetadata.c"
  15              		.text
  16              	.Ltext0:
  17              		.cfi_sections	.debug_frame
  18              		.global	cy_metadata
  19              		.global	cy_meta_flashprotect
  20              		.global	cy_meta_wonvl
  21              		.global	cy_meta_custnvl
  22              		.global	cy_meta_configecc
  23              		.section	.cyconfigecc,"a",%progbits
  24              		.align	2
  25              		.type	cy_meta_configecc, %object
  26              		.size	cy_meta_configecc, 1160
  27              	cy_meta_configecc:
  28 0000 02       		.byte	2
  29 0001 52       		.byte	82
  30 0002 00       		.byte	0
  31 0003 40       		.byte	64
  32 0004 01       		.byte	1
  33 0005 64       		.byte	100
  34 0006 00       		.byte	0
  35 0007 40       		.byte	64
  36 0008 01       		.byte	1
  37 0009 65       		.byte	101
  38 000a 00       		.byte	0
  39 000b 40       		.byte	64
  40 000c 3A       		.byte	58
  41 000d 04       		.byte	4
  42 000e 01       		.byte	1
  43 000f 40       		.byte	64
  44 0010 28       		.byte	40
  45 0011 05       		.byte	5
  46 0012 01       		.byte	1
  47 0013 40       		.byte	64
  48 0014 4E       		.byte	78
  49 0015 06       		.byte	6
  50 0016 01       		.byte	1
  51 0017 40       		.byte	64
  52 0018 35       		.byte	53
  53 0019 07       		.byte	7
  54 001a 01       		.byte	1
  55 001b 40       		.byte	64
  56 001c 4E       		.byte	78
  57 001d 14       		.byte	20
ARM GAS  C:\Users\gding\AppData\Local\Temp\ccRqutdJ.s 			page 2


  58 001e 01       		.byte	1
  59 001f 40       		.byte	64
  60 0020 2F       		.byte	47
  61 0021 15       		.byte	21
  62 0022 01       		.byte	1
  63 0023 40       		.byte	64
  64 0024 52       		.byte	82
  65 0025 16       		.byte	22
  66 0026 01       		.byte	1
  67 0027 40       		.byte	64
  68 0028 3B       		.byte	59
  69 0029 17       		.byte	23
  70 002a 01       		.byte	1
  71 002b 40       		.byte	64
  72 002c 02       		.byte	2
  73 002d 40       		.byte	64
  74 002e 01       		.byte	1
  75 002f 40       		.byte	64
  76 0030 01       		.byte	1
  77 0031 41       		.byte	65
  78 0032 01       		.byte	1
  79 0033 40       		.byte	64
  80 0034 03       		.byte	3
  81 0035 42       		.byte	66
  82 0036 01       		.byte	1
  83 0037 40       		.byte	64
  84 0038 02       		.byte	2
  85 0039 43       		.byte	67
  86 003a 01       		.byte	1
  87 003b 40       		.byte	64
  88 003c 06       		.byte	6
  89 003d 48       		.byte	72
  90 003e 01       		.byte	1
  91 003f 40       		.byte	64
  92 0040 09       		.byte	9
  93 0041 49       		.byte	73
  94 0042 01       		.byte	1
  95 0043 40       		.byte	64
  96 0044 06       		.byte	6
  97 0045 50       		.byte	80
  98 0046 01       		.byte	1
  99 0047 40       		.byte	64
 100 0048 01       		.byte	1
 101 0049 51       		.byte	81
 102 004a 01       		.byte	1
 103 004b 40       		.byte	64
 104 004c 18       		.byte	24
 105 004d 20       		.byte	32
 106 004e 19       		.byte	25
 107 004f 20       		.byte	32
 108 0050 84       		.byte	-124
 109 0051 0F       		.byte	15
 110 0052 87       		.byte	-121
 111 0053 0D       		.byte	13
 112 0054 03       		.byte	3
 113 0055 12       		.byte	18
 114 0056 04       		.byte	4
ARM GAS  C:\Users\gding\AppData\Local\Temp\ccRqutdJ.s 			page 3


 115 0057 05       		.byte	5
 116 0058 05       		.byte	5
 117 0059 21       		.byte	33
 118 005a 06       		.byte	6
 119 005b 1A       		.byte	26
 120 005c 07       		.byte	7
 121 005d 02       		.byte	2
 122 005e 08       		.byte	8
 123 005f 17       		.byte	23
 124 0060 09       		.byte	9
 125 0061 04       		.byte	4
 126 0062 0A       		.byte	10
 127 0063 08       		.byte	8
 128 0064 0B       		.byte	11
 129 0065 43       		.byte	67
 130 0066 0D       		.byte	13
 131 0067 E0       		.byte	-32
 132 0068 10       		.byte	16
 133 0069 10       		.byte	16
 134 006a 12       		.byte	18
 135 006b 0C       		.byte	12
 136 006c 14       		.byte	20
 137 006d 0E       		.byte	14
 138 006e 16       		.byte	22
 139 006f 11       		.byte	17
 140 0070 18       		.byte	24
 141 0071 02       		.byte	2
 142 0072 1A       		.byte	26
 143 0073 01       		.byte	1
 144 0074 1B       		.byte	27
 145 0075 EC       		.byte	-20
 146 0076 1C       		.byte	28
 147 0077 01       		.byte	1
 148 0078 1F       		.byte	31
 149 0079 01       		.byte	1
 150 007a 20       		.byte	32
 151 007b 01       		.byte	1
 152 007c 24       		.byte	36
 153 007d 01       		.byte	1
 154 007e 25       		.byte	37
 155 007f 88       		.byte	-120
 156 0080 27       		.byte	39
 157 0081 03       		.byte	3
 158 0082 28       		.byte	40
 159 0083 01       		.byte	1
 160 0084 2E       		.byte	46
 161 0085 01       		.byte	1
 162 0086 30       		.byte	48
 163 0087 1C       		.byte	28
 164 0088 33       		.byte	51
 165 0089 E0       		.byte	-32
 166 008a 34       		.byte	52
 167 008b 03       		.byte	3
 168 008c 35       		.byte	53
 169 008d 0F       		.byte	15
 170 008e 37       		.byte	55
 171 008f 10       		.byte	16
ARM GAS  C:\Users\gding\AppData\Local\Temp\ccRqutdJ.s 			page 4


 172 0090 3A       		.byte	58
 173 0091 22       		.byte	34
 174 0092 3F       		.byte	63
 175 0093 04       		.byte	4
 176 0094 56       		.byte	86
 177 0095 02       		.byte	2
 178 0096 57       		.byte	87
 179 0097 2C       		.byte	44
 180 0098 58       		.byte	88
 181 0099 04       		.byte	4
 182 009a 59       		.byte	89
 183 009b 04       		.byte	4
 184 009c 5B       		.byte	91
 185 009d 04       		.byte	4
 186 009e 5F       		.byte	95
 187 009f 01       		.byte	1
 188 00a0 80       		.byte	-128
 189 00a1 1C       		.byte	28
 190 00a2 84       		.byte	-124
 191 00a3 07       		.byte	7
 192 00a4 88       		.byte	-120
 193 00a5 03       		.byte	3
 194 00a6 8E       		.byte	-114
 195 00a7 10       		.byte	16
 196 00a8 96       		.byte	-106
 197 00a9 05       		.byte	5
 198 00aa 98       		.byte	-104
 199 00ab 04       		.byte	4
 200 00ac 9C       		.byte	-100
 201 00ad 1C       		.byte	28
 202 00ae A2       		.byte	-94
 203 00af 02       		.byte	2
 204 00b0 A4       		.byte	-92
 205 00b1 1C       		.byte	28
 206 00b2 A8       		.byte	-88
 207 00b3 18       		.byte	24
 208 00b4 AA       		.byte	-86
 209 00b5 04       		.byte	4
 210 00b6 AC       		.byte	-84
 211 00b7 04       		.byte	4
 212 00b8 AE       		.byte	-82
 213 00b9 18       		.byte	24
 214 00ba B2       		.byte	-78
 215 00bb 07       		.byte	7
 216 00bc B4       		.byte	-76
 217 00bd 10       		.byte	16
 218 00be B6       		.byte	-74
 219 00bf 08       		.byte	8
 220 00c0 BA       		.byte	-70
 221 00c1 0C       		.byte	12
 222 00c2 BE       		.byte	-66
 223 00c3 50       		.byte	80
 224 00c4 D8       		.byte	-40
 225 00c5 04       		.byte	4
 226 00c6 DF       		.byte	-33
 227 00c7 01       		.byte	1
 228 00c8 00       		.byte	0
ARM GAS  C:\Users\gding\AppData\Local\Temp\ccRqutdJ.s 			page 5


 229 00c9 24       		.byte	36
 230 00ca 04       		.byte	4
 231 00cb 94       		.byte	-108
 232 00cc 07       		.byte	7
 233 00cd 80       		.byte	-128
 234 00ce 0A       		.byte	10
 235 00cf 56       		.byte	86
 236 00d0 0C       		.byte	12
 237 00d1 80       		.byte	-128
 238 00d2 0E       		.byte	14
 239 00d3 24       		.byte	36
 240 00d4 10       		.byte	16
 241 00d5 A8       		.byte	-88
 242 00d6 11       		.byte	17
 243 00d7 40       		.byte	64
 244 00d8 15       		.byte	21
 245 00d9 68       		.byte	104
 246 00da 16       		.byte	22
 247 00db 40       		.byte	64
 248 00dc 19       		.byte	25
 249 00dd 11       		.byte	17
 250 00de 1A       		.byte	26
 251 00df 44       		.byte	68
 252 00e0 1C       		.byte	28
 253 00e1 20       		.byte	32
 254 00e2 1D       		.byte	29
 255 00e3 84       		.byte	-124
 256 00e4 1E       		.byte	30
 257 00e5 21       		.byte	33
 258 00e6 1F       		.byte	31
 259 00e7 10       		.byte	16
 260 00e8 21       		.byte	33
 261 00e9 20       		.byte	32
 262 00ea 22       		.byte	34
 263 00eb 40       		.byte	64
 264 00ec 23       		.byte	35
 265 00ed 10       		.byte	16
 266 00ee 29       		.byte	41
 267 00ef 04       		.byte	4
 268 00f0 31       		.byte	49
 269 00f1 20       		.byte	32
 270 00f2 32       		.byte	50
 271 00f3 40       		.byte	64
 272 00f4 38       		.byte	56
 273 00f5 14       		.byte	20
 274 00f6 3A       		.byte	58
 275 00f7 02       		.byte	2
 276 00f8 3B       		.byte	59
 277 00f9 40       		.byte	64
 278 00fa 61       		.byte	97
 279 00fb 01       		.byte	1
 280 00fc 68       		.byte	104
 281 00fd 28       		.byte	40
 282 00fe 69       		.byte	105
 283 00ff 68       		.byte	104
 284 0100 6A       		.byte	106
 285 0101 02       		.byte	2
ARM GAS  C:\Users\gding\AppData\Local\Temp\ccRqutdJ.s 			page 6


 286 0102 6B       		.byte	107
 287 0103 80       		.byte	-128
 288 0104 70       		.byte	112
 289 0105 80       		.byte	-128
 290 0106 84       		.byte	-124
 291 0107 21       		.byte	33
 292 0108 87       		.byte	-121
 293 0109 10       		.byte	16
 294 010a C0       		.byte	-64
 295 010b F6       		.byte	-10
 296 010c C2       		.byte	-62
 297 010d EF       		.byte	-17
 298 010e C4       		.byte	-60
 299 010f FF       		.byte	-1
 300 0110 CA       		.byte	-54
 301 0111 02       		.byte	2
 302 0112 CC       		.byte	-52
 303 0113 0C       		.byte	12
 304 0114 CE       		.byte	-50
 305 0115 0F       		.byte	15
 306 0116 D8       		.byte	-40
 307 0117 01       		.byte	1
 308 0118 12       		.byte	18
 309 0119 01       		.byte	1
 310 011a 2E       		.byte	46
 311 011b 01       		.byte	1
 312 011c 30       		.byte	48
 313 011d 01       		.byte	1
 314 011e 3E       		.byte	62
 315 011f 01       		.byte	1
 316 0120 40       		.byte	64
 317 0121 63       		.byte	99
 318 0122 41       		.byte	65
 319 0123 02       		.byte	2
 320 0124 42       		.byte	66
 321 0125 10       		.byte	16
 322 0126 44       		.byte	68
 323 0127 05       		.byte	5
 324 0128 45       		.byte	69
 325 0129 DE       		.byte	-34
 326 012a 46       		.byte	70
 327 012b FC       		.byte	-4
 328 012c 47       		.byte	71
 329 012d B0       		.byte	-80
 330 012e 48       		.byte	72
 331 012f 2F       		.byte	47
 332 0130 49       		.byte	73
 333 0131 FF       		.byte	-1
 334 0132 4A       		.byte	74
 335 0133 FF       		.byte	-1
 336 0134 4B       		.byte	75
 337 0135 FF       		.byte	-1
 338 0136 4C       		.byte	76
 339 0137 22       		.byte	34
 340 0138 4E       		.byte	78
 341 0139 F0       		.byte	-16
 342 013a 4F       		.byte	79
ARM GAS  C:\Users\gding\AppData\Local\Temp\ccRqutdJ.s 			page 7


 343 013b 08       		.byte	8
 344 013c 50       		.byte	80
 345 013d 04       		.byte	4
 346 013e 54       		.byte	84
 347 013f 40       		.byte	64
 348 0140 58       		.byte	88
 349 0141 04       		.byte	4
 350 0142 5A       		.byte	90
 351 0143 04       		.byte	4
 352 0144 5B       		.byte	91
 353 0145 04       		.byte	4
 354 0146 5F       		.byte	95
 355 0147 01       		.byte	1
 356 0148 62       		.byte	98
 357 0149 C0       		.byte	-64
 358 014a 64       		.byte	100
 359 014b 40       		.byte	64
 360 014c 65       		.byte	101
 361 014d 01       		.byte	1
 362 014e 66       		.byte	102
 363 014f 10       		.byte	16
 364 0150 67       		.byte	103
 365 0151 11       		.byte	17
 366 0152 68       		.byte	104
 367 0153 C0       		.byte	-64
 368 0154 69       		.byte	105
 369 0155 01       		.byte	1
 370 0156 6B       		.byte	107
 371 0157 11       		.byte	17
 372 0158 6C       		.byte	108
 373 0159 40       		.byte	64
 374 015a 6D       		.byte	109
 375 015b 01       		.byte	1
 376 015c 6E       		.byte	110
 377 015d 40       		.byte	64
 378 015e 6F       		.byte	111
 379 015f 01       		.byte	1
 380 0160 81       		.byte	-127
 381 0161 10       		.byte	16
 382 0162 82       		.byte	-126
 383 0163 60       		.byte	96
 384 0164 84       		.byte	-124
 385 0165 1F       		.byte	31
 386 0166 85       		.byte	-123
 387 0167 07       		.byte	7
 388 0168 86       		.byte	-122
 389 0169 20       		.byte	32
 390 016a 87       		.byte	-121
 391 016b 18       		.byte	24
 392 016c 88       		.byte	-120
 393 016d 7F       		.byte	127
 394 016e 89       		.byte	-119
 395 016f 40       		.byte	64
 396 0170 8A       		.byte	-118
 397 0171 80       		.byte	-128
 398 0172 8D       		.byte	-115
 399 0173 01       		.byte	1
ARM GAS  C:\Users\gding\AppData\Local\Temp\ccRqutdJ.s 			page 8


 400 0174 91       		.byte	-111
 401 0175 01       		.byte	1
 402 0176 92       		.byte	-110
 403 0177 9F       		.byte	-97
 404 0178 95       		.byte	-107
 405 0179 22       		.byte	34
 406 017a 96       		.byte	-106
 407 017b FF       		.byte	-1
 408 017c 97       		.byte	-105
 409 017d 08       		.byte	8
 410 017e 98       		.byte	-104
 411 017f 80       		.byte	-128
 412 0180 99       		.byte	-103
 413 0181 08       		.byte	8
 414 0182 9B       		.byte	-101
 415 0183 21       		.byte	33
 416 0184 9C       		.byte	-100
 417 0185 C0       		.byte	-64
 418 0186 9D       		.byte	-99
 419 0187 01       		.byte	1
 420 0188 9E       		.byte	-98
 421 0189 02       		.byte	2
 422 018a A0       		.byte	-96
 423 018b C0       		.byte	-64
 424 018c A1       		.byte	-95
 425 018d 04       		.byte	4
 426 018e A2       		.byte	-94
 427 018f 01       		.byte	1
 428 0190 A4       		.byte	-92
 429 0191 C0       		.byte	-64
 430 0192 A5       		.byte	-91
 431 0193 40       		.byte	64
 432 0194 A6       		.byte	-90
 433 0195 04       		.byte	4
 434 0196 A8       		.byte	-88
 435 0197 C0       		.byte	-64
 436 0198 A9       		.byte	-87
 437 0199 01       		.byte	1
 438 019a AA       		.byte	-86
 439 019b 08       		.byte	8
 440 019c AC       		.byte	-84
 441 019d 90       		.byte	-112
 442 019e AD       		.byte	-83
 443 019f 01       		.byte	1
 444 01a0 AE       		.byte	-82
 445 01a1 40       		.byte	64
 446 01a2 B2       		.byte	-78
 447 01a3 FF       		.byte	-1
 448 01a4 B5       		.byte	-75
 449 01a5 3F       		.byte	63
 450 01a6 B7       		.byte	-73
 451 01a7 40       		.byte	64
 452 01a8 B9       		.byte	-71
 453 01a9 A0       		.byte	-96
 454 01aa BE       		.byte	-66
 455 01ab 04       		.byte	4
 456 01ac BF       		.byte	-65
ARM GAS  C:\Users\gding\AppData\Local\Temp\ccRqutdJ.s 			page 9


 457 01ad 10       		.byte	16
 458 01ae D8       		.byte	-40
 459 01af 04       		.byte	4
 460 01b0 D9       		.byte	-39
 461 01b1 04       		.byte	4
 462 01b2 DF       		.byte	-33
 463 01b3 01       		.byte	1
 464 01b4 00       		.byte	0
 465 01b5 26       		.byte	38
 466 01b6 01       		.byte	1
 467 01b7 02       		.byte	2
 468 01b8 08       		.byte	8
 469 01b9 C0       		.byte	-64
 470 01ba 09       		.byte	9
 471 01bb 01       		.byte	1
 472 01bc 0A       		.byte	10
 473 01bd 36       		.byte	54
 474 01be 0B       		.byte	11
 475 01bf 10       		.byte	16
 476 01c0 0C       		.byte	12
 477 01c1 02       		.byte	2
 478 01c2 10       		.byte	16
 479 01c3 A8       		.byte	-88
 480 01c4 11       		.byte	17
 481 01c5 40       		.byte	64
 482 01c6 17       		.byte	23
 483 01c7 40       		.byte	64
 484 01c8 19       		.byte	25
 485 01c9 08       		.byte	8
 486 01ca 1E       		.byte	30
 487 01cb 40       		.byte	64
 488 01cc 20       		.byte	32
 489 01cd 02       		.byte	2
 490 01ce 21       		.byte	33
 491 01cf 10       		.byte	16
 492 01d0 28       		.byte	40
 493 01d1 09       		.byte	9
 494 01d2 29       		.byte	41
 495 01d3 1A       		.byte	26
 496 01d4 30       		.byte	48
 497 01d5 80       		.byte	-128
 498 01d6 31       		.byte	49
 499 01d7 04       		.byte	4
 500 01d8 32       		.byte	50
 501 01d9 11       		.byte	17
 502 01da 33       		.byte	51
 503 01db 04       		.byte	4
 504 01dc 38       		.byte	56
 505 01dd 04       		.byte	4
 506 01de 39       		.byte	57
 507 01df 60       		.byte	96
 508 01e0 3A       		.byte	58
 509 01e1 02       		.byte	2
 510 01e2 45       		.byte	69
 511 01e3 A0       		.byte	-96
 512 01e4 47       		.byte	71
 513 01e5 04       		.byte	4
ARM GAS  C:\Users\gding\AppData\Local\Temp\ccRqutdJ.s 			page 10


 514 01e6 4C       		.byte	76
 515 01e7 40       		.byte	64
 516 01e8 4D       		.byte	77
 517 01e9 04       		.byte	4
 518 01ea 4E       		.byte	78
 519 01eb 02       		.byte	2
 520 01ec 4F       		.byte	79
 521 01ed 11       		.byte	17
 522 01ee 55       		.byte	85
 523 01ef 41       		.byte	65
 524 01f0 56       		.byte	86
 525 01f1 62       		.byte	98
 526 01f2 66       		.byte	102
 527 01f3 20       		.byte	32
 528 01f4 67       		.byte	103
 529 01f5 21       		.byte	33
 530 01f6 91       		.byte	-111
 531 01f7 40       		.byte	64
 532 01f8 92       		.byte	-110
 533 01f9 07       		.byte	7
 534 01fa 93       		.byte	-109
 535 01fb 20       		.byte	32
 536 01fc 94       		.byte	-108
 537 01fd 94       		.byte	-108
 538 01fe 96       		.byte	-106
 539 01ff 10       		.byte	16
 540 0200 97       		.byte	-105
 541 0201 40       		.byte	64
 542 0202 98       		.byte	-104
 543 0203 01       		.byte	1
 544 0204 99       		.byte	-103
 545 0205 14       		.byte	20
 546 0206 9E       		.byte	-98
 547 0207 42       		.byte	66
 548 0208 A0       		.byte	-96
 549 0209 B8       		.byte	-72
 550 020a A1       		.byte	-95
 551 020b 80       		.byte	-128
 552 020c C0       		.byte	-64
 553 020d 0E       		.byte	14
 554 020e C2       		.byte	-62
 555 020f 1F       		.byte	31
 556 0210 C4       		.byte	-60
 557 0211 8F       		.byte	-113
 558 0212 CA       		.byte	-54
 559 0213 0F       		.byte	15
 560 0214 CC       		.byte	-52
 561 0215 0F       		.byte	15
 562 0216 CE       		.byte	-50
 563 0217 0F       		.byte	15
 564 0218 D0       		.byte	-48
 565 0219 70       		.byte	112
 566 021a D2       		.byte	-46
 567 021b 30       		.byte	48
 568 021c D8       		.byte	-40
 569 021d 70       		.byte	112
 570 021e 04       		.byte	4
ARM GAS  C:\Users\gding\AppData\Local\Temp\ccRqutdJ.s 			page 11


 571 021f 01       		.byte	1
 572 0220 05       		.byte	5
 573 0221 01       		.byte	1
 574 0222 06       		.byte	6
 575 0223 02       		.byte	2
 576 0224 07       		.byte	7
 577 0225 02       		.byte	2
 578 0226 08       		.byte	8
 579 0227 02       		.byte	2
 580 0228 09       		.byte	9
 581 0229 02       		.byte	2
 582 022a 0A       		.byte	10
 583 022b 0D       		.byte	13
 584 022c 0B       		.byte	11
 585 022d 01       		.byte	1
 586 022e 0C       		.byte	12
 587 022f 0D       		.byte	13
 588 0230 11       		.byte	17
 589 0231 06       		.byte	6
 590 0232 14       		.byte	20
 591 0233 02       		.byte	2
 592 0234 16       		.byte	22
 593 0235 04       		.byte	4
 594 0236 18       		.byte	24
 595 0237 02       		.byte	2
 596 0238 1A       		.byte	26
 597 0239 08       		.byte	8
 598 023a 1C       		.byte	28
 599 023b 0D       		.byte	13
 600 023c 20       		.byte	32
 601 023d 0D       		.byte	13
 602 023e 24       		.byte	36
 603 023f 0D       		.byte	13
 604 0240 28       		.byte	40
 605 0241 0D       		.byte	13
 606 0242 29       		.byte	41
 607 0243 01       		.byte	1
 608 0244 2B       		.byte	43
 609 0245 04       		.byte	4
 610 0246 31       		.byte	49
 611 0247 07       		.byte	7
 612 0248 32       		.byte	50
 613 0249 0F       		.byte	15
 614 024a 39       		.byte	57
 615 024b 02       		.byte	2
 616 024c 3A       		.byte	58
 617 024d 08       		.byte	8
 618 024e 40       		.byte	64
 619 024f 15       		.byte	21
 620 0250 49       		.byte	73
 621 0251 FF       		.byte	-1
 622 0252 4A       		.byte	74
 623 0253 FF       		.byte	-1
 624 0254 4B       		.byte	75
 625 0255 FF       		.byte	-1
 626 0256 4F       		.byte	79
 627 0257 01       		.byte	1
ARM GAS  C:\Users\gding\AppData\Local\Temp\ccRqutdJ.s 			page 12


 628 0258 50       		.byte	80
 629 0259 18       		.byte	24
 630 025a 58       		.byte	88
 631 025b 04       		.byte	4
 632 025c 59       		.byte	89
 633 025d 04       		.byte	4
 634 025e 5A       		.byte	90
 635 025f 04       		.byte	4
 636 0260 5D       		.byte	93
 637 0261 09       		.byte	9
 638 0262 5F       		.byte	95
 639 0263 01       		.byte	1
 640 0264 60       		.byte	96
 641 0265 40       		.byte	64
 642 0266 62       		.byte	98
 643 0267 40       		.byte	64
 644 0268 64       		.byte	100
 645 0269 40       		.byte	64
 646 026a 65       		.byte	101
 647 026b 40       		.byte	64
 648 026c 66       		.byte	102
 649 026d 80       		.byte	-128
 650 026e 68       		.byte	104
 651 026f 80       		.byte	-128
 652 0270 6A       		.byte	106
 653 0271 80       		.byte	-128
 654 0272 6C       		.byte	108
 655 0273 80       		.byte	-128
 656 0274 6E       		.byte	110
 657 0275 80       		.byte	-128
 658 0276 89       		.byte	-119
 659 0277 01       		.byte	1
 660 0278 8A       		.byte	-118
 661 0279 03       		.byte	3
 662 027a 95       		.byte	-107
 663 027b 01       		.byte	1
 664 027c 96       		.byte	-106
 665 027d 05       		.byte	5
 666 027e 9A       		.byte	-102
 667 027f 01       		.byte	1
 668 0280 A8       		.byte	-88
 669 0281 06       		.byte	6
 670 0282 A9       		.byte	-87
 671 0283 01       		.byte	1
 672 0284 B4       		.byte	-76
 673 0285 07       		.byte	7
 674 0286 B7       		.byte	-73
 675 0287 01       		.byte	1
 676 0288 BF       		.byte	-65
 677 0289 40       		.byte	64
 678 028a C0       		.byte	-64
 679 028b 15       		.byte	21
 680 028c C9       		.byte	-55
 681 028d FF       		.byte	-1
 682 028e CA       		.byte	-54
 683 028f FF       		.byte	-1
 684 0290 CB       		.byte	-53
ARM GAS  C:\Users\gding\AppData\Local\Temp\ccRqutdJ.s 			page 13


 685 0291 FF       		.byte	-1
 686 0292 CD       		.byte	-51
 687 0293 83       		.byte	-125
 688 0294 CE       		.byte	-50
 689 0295 03       		.byte	3
 690 0296 CF       		.byte	-49
 691 0297 01       		.byte	1
 692 0298 D0       		.byte	-48
 693 0299 18       		.byte	24
 694 029a D2       		.byte	-46
 695 029b 80       		.byte	-128
 696 029c D8       		.byte	-40
 697 029d 04       		.byte	4
 698 029e D9       		.byte	-39
 699 029f 04       		.byte	4
 700 02a0 DA       		.byte	-38
 701 02a1 04       		.byte	4
 702 02a2 DB       		.byte	-37
 703 02a3 04       		.byte	4
 704 02a4 DD       		.byte	-35
 705 02a5 99       		.byte	-103
 706 02a6 DF       		.byte	-33
 707 02a7 01       		.byte	1
 708 02a8 E0       		.byte	-32
 709 02a9 40       		.byte	64
 710 02aa E2       		.byte	-30
 711 02ab 40       		.byte	64
 712 02ac E4       		.byte	-28
 713 02ad 40       		.byte	64
 714 02ae E5       		.byte	-27
 715 02af 40       		.byte	64
 716 02b0 E6       		.byte	-26
 717 02b1 80       		.byte	-128
 718 02b2 E8       		.byte	-24
 719 02b3 80       		.byte	-128
 720 02b4 EA       		.byte	-22
 721 02b5 80       		.byte	-128
 722 02b6 EC       		.byte	-20
 723 02b7 80       		.byte	-128
 724 02b8 EE       		.byte	-18
 725 02b9 80       		.byte	-128
 726 02ba 00       		.byte	0
 727 02bb 14       		.byte	20
 728 02bc 01       		.byte	1
 729 02bd 40       		.byte	64
 730 02be 07       		.byte	7
 731 02bf 08       		.byte	8
 732 02c0 08       		.byte	8
 733 02c1 08       		.byte	8
 734 02c2 09       		.byte	9
 735 02c3 10       		.byte	16
 736 02c4 0A       		.byte	10
 737 02c5 12       		.byte	18
 738 02c6 0E       		.byte	14
 739 02c7 18       		.byte	24
 740 02c8 10       		.byte	16
 741 02c9 A8       		.byte	-88
ARM GAS  C:\Users\gding\AppData\Local\Temp\ccRqutdJ.s 			page 14


 742 02ca 15       		.byte	21
 743 02cb 10       		.byte	16
 744 02cc 18       		.byte	24
 745 02cd 10       		.byte	16
 746 02ce 1E       		.byte	30
 747 02cf 08       		.byte	8
 748 02d0 21       		.byte	33
 749 02d1 02       		.byte	2
 750 02d2 23       		.byte	35
 751 02d3 40       		.byte	64
 752 02d4 27       		.byte	39
 753 02d5 02       		.byte	2
 754 02d6 28       		.byte	40
 755 02d7 08       		.byte	8
 756 02d8 2E       		.byte	46
 757 02d9 10       		.byte	16
 758 02da 31       		.byte	49
 759 02db 02       		.byte	2
 760 02dc 37       		.byte	55
 761 02dd 08       		.byte	8
 762 02de 38       		.byte	56
 763 02df 04       		.byte	4
 764 02e0 39       		.byte	57
 765 02e1 10       		.byte	16
 766 02e2 3D       		.byte	61
 767 02e3 20       		.byte	32
 768 02e4 43       		.byte	67
 769 02e5 40       		.byte	64
 770 02e6 47       		.byte	71
 771 02e7 40       		.byte	64
 772 02e8 48       		.byte	72
 773 02e9 02       		.byte	2
 774 02ea 4C       		.byte	76
 775 02eb 02       		.byte	2
 776 02ec 5F       		.byte	95
 777 02ed 03       		.byte	3
 778 02ee 77       		.byte	119
 779 02ef 40       		.byte	64
 780 02f0 8E       		.byte	-114
 781 02f1 04       		.byte	4
 782 02f2 90       		.byte	-112
 783 02f3 04       		.byte	4
 784 02f4 91       		.byte	-111
 785 02f5 50       		.byte	80
 786 02f6 92       		.byte	-110
 787 02f7 12       		.byte	18
 788 02f8 97       		.byte	-105
 789 02f9 41       		.byte	65
 790 02fa 9B       		.byte	-101
 791 02fb 08       		.byte	8
 792 02fc 9F       		.byte	-97
 793 02fd 40       		.byte	64
 794 02fe A0       		.byte	-96
 795 02ff AA       		.byte	-86
 796 0300 A1       		.byte	-95
 797 0301 10       		.byte	16
 798 0302 B2       		.byte	-78
ARM GAS  C:\Users\gding\AppData\Local\Temp\ccRqutdJ.s 			page 15


 799 0303 40       		.byte	64
 800 0304 B3       		.byte	-77
 801 0305 10       		.byte	16
 802 0306 C0       		.byte	-64
 803 0307 47       		.byte	71
 804 0308 C2       		.byte	-62
 805 0309 67       		.byte	103
 806 030a C4       		.byte	-60
 807 030b 4E       		.byte	78
 808 030c CA       		.byte	-54
 809 030d 24       		.byte	36
 810 030e CC       		.byte	-52
 811 030f 41       		.byte	65
 812 0310 CE       		.byte	-50
 813 0311 26       		.byte	38
 814 0312 D0       		.byte	-48
 815 0313 18       		.byte	24
 816 0314 D2       		.byte	-46
 817 0315 18       		.byte	24
 818 0316 E2       		.byte	-30
 819 0317 40       		.byte	64
 820 0318 00       		.byte	0
 821 0319 04       		.byte	4
 822 031a 04       		.byte	4
 823 031b 01       		.byte	1
 824 031c 05       		.byte	5
 825 031d 04       		.byte	4
 826 031e 06       		.byte	6
 827 031f 0E       		.byte	14
 828 0320 08       		.byte	8
 829 0321 09       		.byte	9
 830 0322 0A       		.byte	10
 831 0323 06       		.byte	6
 832 0324 0B       		.byte	11
 833 0325 1F       		.byte	31
 834 0326 0D       		.byte	13
 835 0327 08       		.byte	8
 836 0328 11       		.byte	17
 837 0329 0C       		.byte	12
 838 032a 15       		.byte	21
 839 032b 01       		.byte	1
 840 032c 16       		.byte	22
 841 032d 06       		.byte	6
 842 032e 17       		.byte	23
 843 032f 12       		.byte	18
 844 0330 18       		.byte	24
 845 0331 02       		.byte	2
 846 0332 19       		.byte	25
 847 0333 11       		.byte	17
 848 0334 1A       		.byte	26
 849 0335 04       		.byte	4
 850 0336 1B       		.byte	27
 851 0337 0E       		.byte	14
 852 0338 1C       		.byte	28
 853 0339 06       		.byte	6
 854 033a 20       		.byte	32
 855 033b 06       		.byte	6
ARM GAS  C:\Users\gding\AppData\Local\Temp\ccRqutdJ.s 			page 16


 856 033c 21       		.byte	33
 857 033d 0C       		.byte	12
 858 033e 24       		.byte	36
 859 033f 07       		.byte	7
 860 0340 25       		.byte	37
 861 0341 04       		.byte	4
 862 0342 26       		.byte	38
 863 0343 08       		.byte	8
 864 0344 27       		.byte	39
 865 0345 08       		.byte	8
 866 0346 28       		.byte	40
 867 0347 02       		.byte	2
 868 0348 2B       		.byte	43
 869 0349 0C       		.byte	12
 870 034a 2C       		.byte	44
 871 034b 06       		.byte	6
 872 034c 2D       		.byte	45
 873 034d 0C       		.byte	12
 874 034e 32       		.byte	50
 875 034f 0F       		.byte	15
 876 0350 35       		.byte	53
 877 0351 0F       		.byte	15
 878 0352 37       		.byte	55
 879 0353 10       		.byte	16
 880 0354 38       		.byte	56
 881 0355 08       		.byte	8
 882 0356 3F       		.byte	63
 883 0357 40       		.byte	64
 884 0358 40       		.byte	64
 885 0359 15       		.byte	21
 886 035a 49       		.byte	73
 887 035b FF       		.byte	-1
 888 035c 4A       		.byte	74
 889 035d FF       		.byte	-1
 890 035e 4B       		.byte	75
 891 035f FF       		.byte	-1
 892 0360 4D       		.byte	77
 893 0361 83       		.byte	-125
 894 0362 4E       		.byte	78
 895 0363 03       		.byte	3
 896 0364 4F       		.byte	79
 897 0365 01       		.byte	1
 898 0366 50       		.byte	80
 899 0367 18       		.byte	24
 900 0368 54       		.byte	84
 901 0369 09       		.byte	9
 902 036a 58       		.byte	88
 903 036b 04       		.byte	4
 904 036c 59       		.byte	89
 905 036d 04       		.byte	4
 906 036e 5A       		.byte	90
 907 036f 04       		.byte	4
 908 0370 5B       		.byte	91
 909 0371 04       		.byte	4
 910 0372 5D       		.byte	93
 911 0373 09       		.byte	9
 912 0374 5F       		.byte	95
ARM GAS  C:\Users\gding\AppData\Local\Temp\ccRqutdJ.s 			page 17


 913 0375 01       		.byte	1
 914 0376 60       		.byte	96
 915 0377 40       		.byte	64
 916 0378 62       		.byte	98
 917 0379 40       		.byte	64
 918 037a 64       		.byte	100
 919 037b 40       		.byte	64
 920 037c 65       		.byte	101
 921 037d 40       		.byte	64
 922 037e 66       		.byte	102
 923 037f 80       		.byte	-128
 924 0380 68       		.byte	104
 925 0381 80       		.byte	-128
 926 0382 6A       		.byte	106
 927 0383 80       		.byte	-128
 928 0384 6C       		.byte	108
 929 0385 80       		.byte	-128
 930 0386 6E       		.byte	110
 931 0387 80       		.byte	-128
 932 0388 C0       		.byte	-64
 933 0389 14       		.byte	20
 934 038a C5       		.byte	-59
 935 038b EC       		.byte	-20
 936 038c C7       		.byte	-57
 937 038d 20       		.byte	32
 938 038e C8       		.byte	-56
 939 038f 23       		.byte	35
 940 0390 C9       		.byte	-55
 941 0391 FF       		.byte	-1
 942 0392 CA       		.byte	-54
 943 0393 FF       		.byte	-1
 944 0394 CB       		.byte	-53
 945 0395 FF       		.byte	-1
 946 0396 CD       		.byte	-51
 947 0397 83       		.byte	-125
 948 0398 CE       		.byte	-50
 949 0399 03       		.byte	3
 950 039a CF       		.byte	-49
 951 039b 01       		.byte	1
 952 039c D0       		.byte	-48
 953 039d 18       		.byte	24
 954 039e D4       		.byte	-44
 955 039f 01       		.byte	1
 956 03a0 D6       		.byte	-42
 957 03a1 04       		.byte	4
 958 03a2 DA       		.byte	-38
 959 03a3 04       		.byte	4
 960 03a4 DB       		.byte	-37
 961 03a5 04       		.byte	4
 962 03a6 DD       		.byte	-35
 963 03a7 99       		.byte	-103
 964 03a8 DF       		.byte	-33
 965 03a9 01       		.byte	1
 966 03aa E0       		.byte	-32
 967 03ab 40       		.byte	64
 968 03ac E2       		.byte	-30
 969 03ad 40       		.byte	64
ARM GAS  C:\Users\gding\AppData\Local\Temp\ccRqutdJ.s 			page 18


 970 03ae E4       		.byte	-28
 971 03af 40       		.byte	64
 972 03b0 E5       		.byte	-27
 973 03b1 40       		.byte	64
 974 03b2 E6       		.byte	-26
 975 03b3 80       		.byte	-128
 976 03b4 E8       		.byte	-24
 977 03b5 80       		.byte	-128
 978 03b6 EA       		.byte	-22
 979 03b7 80       		.byte	-128
 980 03b8 EC       		.byte	-20
 981 03b9 80       		.byte	-128
 982 03ba EE       		.byte	-18
 983 03bb 80       		.byte	-128
 984 03bc 04       		.byte	4
 985 03bd 10       		.byte	16
 986 03be 06       		.byte	6
 987 03bf 60       		.byte	96
 988 03c0 0C       		.byte	12
 989 03c1 A8       		.byte	-88
 990 03c2 0E       		.byte	14
 991 03c3 02       		.byte	2
 992 03c4 14       		.byte	20
 993 03c5 88       		.byte	-120
 994 03c6 15       		.byte	21
 995 03c7 40       		.byte	64
 996 03c8 17       		.byte	23
 997 03c9 08       		.byte	8
 998 03ca 1C       		.byte	28
 999 03cb 10       		.byte	16
 1000 03cc 1E       		.byte	30
 1001 03cd 30       		.byte	48
 1002 03ce 24       		.byte	36
 1003 03cf 04       		.byte	4
 1004 03d0 25       		.byte	37
 1005 03d1 20       		.byte	32
 1006 03d2 26       		.byte	38
 1007 03d3 40       		.byte	64
 1008 03d4 27       		.byte	39
 1009 03d5 08       		.byte	8
 1010 03d6 2C       		.byte	44
 1011 03d7 68       		.byte	104
 1012 03d8 2D       		.byte	45
 1013 03d9 40       		.byte	64
 1014 03da 36       		.byte	54
 1015 03db 11       		.byte	17
 1016 03dc 37       		.byte	55
 1017 03dd 08       		.byte	8
 1018 03de 3C       		.byte	60
 1019 03df 20       		.byte	32
 1020 03e0 3D       		.byte	61
 1021 03e1 B0       		.byte	-80
 1022 03e2 3E       		.byte	62
 1023 03e3 24       		.byte	36
 1024 03e4 41       		.byte	65
 1025 03e5 01       		.byte	1
 1026 03e6 43       		.byte	67
ARM GAS  C:\Users\gding\AppData\Local\Temp\ccRqutdJ.s 			page 19


 1027 03e7 40       		.byte	64
 1028 03e8 47       		.byte	71
 1029 03e9 40       		.byte	64
 1030 03ea 49       		.byte	73
 1031 03eb 09       		.byte	9
 1032 03ec 4C       		.byte	76
 1033 03ed 02       		.byte	2
 1034 03ee 50       		.byte	80
 1035 03ef 02       		.byte	2
 1036 03f0 51       		.byte	81
 1037 03f1 01       		.byte	1
 1038 03f2 59       		.byte	89
 1039 03f3 09       		.byte	9
 1040 03f4 5A       		.byte	90
 1041 03f5 40       		.byte	64
 1042 03f6 5D       		.byte	93
 1043 03f7 04       		.byte	4
 1044 03f8 5E       		.byte	94
 1045 03f9 81       		.byte	-127
 1046 03fa 5F       		.byte	95
 1047 03fb 10       		.byte	16
 1048 03fc 63       		.byte	99
 1049 03fd 80       		.byte	-128
 1050 03fe 67       		.byte	103
 1051 03ff 01       		.byte	1
 1052 0400 8F       		.byte	-113
 1053 0401 40       		.byte	64
 1054 0402 91       		.byte	-111
 1055 0403 44       		.byte	68
 1056 0404 92       		.byte	-110
 1057 0405 47       		.byte	71
 1058 0406 94       		.byte	-108
 1059 0407 14       		.byte	20
 1060 0408 96       		.byte	-106
 1061 0409 10       		.byte	16
 1062 040a 97       		.byte	-105
 1063 040b 40       		.byte	64
 1064 040c 98       		.byte	-104
 1065 040d C8       		.byte	-56
 1066 040e 9A       		.byte	-102
 1067 040f 40       		.byte	64
 1068 0410 9F       		.byte	-97
 1069 0411 40       		.byte	64
 1070 0412 A0       		.byte	-96
 1071 0413 B8       		.byte	-72
 1072 0414 A1       		.byte	-95
 1073 0415 40       		.byte	64
 1074 0416 A4       		.byte	-92
 1075 0417 02       		.byte	2
 1076 0418 A5       		.byte	-91
 1077 0419 20       		.byte	32
 1078 041a AA       		.byte	-86
 1079 041b 02       		.byte	2
 1080 041c C0       		.byte	-64
 1081 041d 70       		.byte	112
 1082 041e C2       		.byte	-62
 1083 041f E0       		.byte	-32
ARM GAS  C:\Users\gding\AppData\Local\Temp\ccRqutdJ.s 			page 20


 1084 0420 C4       		.byte	-60
 1085 0421 F0       		.byte	-16
 1086 0422 CA       		.byte	-54
 1087 0423 F0       		.byte	-16
 1088 0424 CC       		.byte	-52
 1089 0425 E0       		.byte	-32
 1090 0426 CE       		.byte	-50
 1091 0427 70       		.byte	112
 1092 0428 D0       		.byte	-48
 1093 0429 19       		.byte	25
 1094 042a D2       		.byte	-46
 1095 042b 10       		.byte	16
 1096 042c D6       		.byte	-42
 1097 042d FB       		.byte	-5
 1098 042e D8       		.byte	-40
 1099 042f 11       		.byte	17
 1100 0430 E6       		.byte	-26
 1101 0431 40       		.byte	64
 1102 0432 30       		.byte	48
 1103 0433 80       		.byte	-128
 1104 0434 CC       		.byte	-52
 1105 0435 10       		.byte	16
 1106 0436 A4       		.byte	-92
 1107 0437 80       		.byte	-128
 1108 0438 87       		.byte	-121
 1109 0439 08       		.byte	8
 1110 043a A4       		.byte	-92
 1111 043b 80       		.byte	-128
 1112 043c E2       		.byte	-30
 1113 043d 10       		.byte	16
 1114 043e 9B       		.byte	-101
 1115 043f 08       		.byte	8
 1116 0440 A4       		.byte	-92
 1117 0441 80       		.byte	-128
 1118 0442 8C       		.byte	-116
 1119 0443 80       		.byte	-128
 1120 0444 9B       		.byte	-101
 1121 0445 08       		.byte	8
 1122 0446 A4       		.byte	-92
 1123 0447 80       		.byte	-128
 1124 0448 A5       		.byte	-91
 1125 0449 10       		.byte	16
 1126 044a A9       		.byte	-87
 1127 044b 10       		.byte	16
 1128 044c E8       		.byte	-24
 1129 044d 80       		.byte	-128
 1130 044e 09       		.byte	9
 1131 044f 10       		.byte	16
 1132 0450 5B       		.byte	91
 1133 0451 08       		.byte	8
 1134 0452 66       		.byte	102
 1135 0453 02       		.byte	2
 1136 0454 8E       		.byte	-114
 1137 0455 02       		.byte	2
 1138 0456 9B       		.byte	-101
 1139 0457 08       		.byte	8
 1140 0458 A5       		.byte	-91
ARM GAS  C:\Users\gding\AppData\Local\Temp\ccRqutdJ.s 			page 21


 1141 0459 10       		.byte	16
 1142 045a C2       		.byte	-62
 1143 045b 40       		.byte	64
 1144 045c D6       		.byte	-42
 1145 045d 40       		.byte	64
 1146 045e D8       		.byte	-40
 1147 045f 80       		.byte	-128
 1148 0460 00       		.byte	0
 1149 0461 01       		.byte	1
 1150 0462 0A       		.byte	10
 1151 0463 01       		.byte	1
 1152 0464 10       		.byte	16
 1153 0465 01       		.byte	1
 1154 0466 11       		.byte	17
 1155 0467 01       		.byte	1
 1156 0468 1A       		.byte	26
 1157 0469 01       		.byte	1
 1158 046a 1B       		.byte	27
 1159 046b 01       		.byte	1
 1160 046c 00       		.byte	0
 1161 046d 03       		.byte	3
 1162 046e 00       		.byte	0
 1163 046f 00       		.byte	0
 1164 0470 00       		.byte	0
 1165 0471 E0       		.byte	-32
 1166 0472 E0       		.byte	-32
 1167 0473 00       		.byte	0
 1168 0474 00       		.byte	0
 1169 0475 00       		.byte	0
 1170 0476 00       		.byte	0
 1171 0477 00       		.byte	0
 1172 0478 00       		.byte	0
 1173 0479 0B       		.byte	11
 1174 047a 0B       		.byte	11
 1175 047b 00       		.byte	0
 1176 047c 00       		.byte	0
 1177 047d 00       		.byte	0
 1178 047e 00       		.byte	0
 1179 047f 00       		.byte	0
 1180 0480 40       		.byte	64
 1181 0481 38       		.byte	56
 1182 0482 38       		.byte	56
 1183 0483 00       		.byte	0
 1184 0484 30       		.byte	48
 1185 0485 00       		.byte	0
 1186 0486 00       		.byte	0
 1187 0487 00       		.byte	0
 1188              		.section	.cywolatch,"a",%progbits
 1189              		.align	2
 1190              		.type	cy_meta_wonvl, %object
 1191              		.size	cy_meta_wonvl, 4
 1192              	cy_meta_wonvl:
 1193 0000 BC       		.byte	-68
 1194 0001 90       		.byte	-112
 1195 0002 AC       		.byte	-84
 1196 0003 AF       		.byte	-81
 1197              		.section	.cycustnvl,"a",%progbits
ARM GAS  C:\Users\gding\AppData\Local\Temp\ccRqutdJ.s 			page 22


 1198              		.align	2
 1199              		.type	cy_meta_custnvl, %object
 1200              		.size	cy_meta_custnvl, 4
 1201              	cy_meta_custnvl:
 1202 0000 00       		.byte	0
 1203 0001 00       		.byte	0
 1204 0002 40       		.byte	64
 1205 0003 05       		.byte	5
 1206              		.section	.cymeta,"a",%progbits
 1207              		.align	2
 1208              		.type	cy_metadata, %object
 1209              		.size	cy_metadata, 12
 1210              	cy_metadata:
 1211 0000 00       		.byte	0
 1212 0001 01       		.byte	1
 1213 0002 2E       		.byte	46
 1214 0003 16       		.byte	22
 1215 0004 10       		.byte	16
 1216 0005 69       		.byte	105
 1217 0006 00       		.byte	0
 1218 0007 01       		.byte	1
 1219 0008 00       		.byte	0
 1220 0009 00       		.byte	0
 1221 000a 00       		.byte	0
 1222 000b 00       		.byte	0
 1223              		.section	.cyflashprotect,"a",%progbits
 1224              		.align	2
 1225              		.type	cy_meta_flashprotect, %object
 1226              		.size	cy_meta_flashprotect, 256
 1227              	cy_meta_flashprotect:
 1228 0000 00000000 		.space	256
 1228      00000000 
 1228      00000000 
 1228      00000000 
 1228      00000000 
 1229              		.text
 1230              	.Letext0:
 1231              		.file 1 "Generated_Source\\PSoC5\\cymetadata.c"
 1232              		.file 2 "Generated_Source\\PSoC5\\cytypes.h"
 1233              		.section	.debug_info,"",%progbits
 1234              	.Ldebug_info0:
 1235 0000 38010000 		.4byte	0x138
 1236 0004 0400     		.2byte	0x4
 1237 0006 00000000 		.4byte	.Ldebug_abbrev0
 1238 000a 04       		.byte	0x4
 1239 000b 01       		.uleb128 0x1
 1240 000c 6E000000 		.4byte	.LASF18
 1241 0010 01       		.byte	0x1
 1242 0011 C6010000 		.4byte	.LASF19
 1243 0015 5F010000 		.4byte	.LASF20
 1244 0019 00000000 		.4byte	.Ldebug_line0
 1245 001d 02       		.uleb128 0x2
 1246 001e 01       		.byte	0x1
 1247 001f 06       		.byte	0x6
 1248 0020 BA010000 		.4byte	.LASF0
 1249 0024 02       		.uleb128 0x2
 1250 0025 01       		.byte	0x1
ARM GAS  C:\Users\gding\AppData\Local\Temp\ccRqutdJ.s 			page 23


 1251 0026 08       		.byte	0x8
 1252 0027 12000000 		.4byte	.LASF1
 1253 002b 02       		.uleb128 0x2
 1254 002c 02       		.byte	0x2
 1255 002d 05       		.byte	0x5
 1256 002e A1010000 		.4byte	.LASF2
 1257 0032 02       		.uleb128 0x2
 1258 0033 02       		.byte	0x2
 1259 0034 07       		.byte	0x7
 1260 0035 32000000 		.4byte	.LASF3
 1261 0039 02       		.uleb128 0x2
 1262 003a 04       		.byte	0x4
 1263 003b 05       		.byte	0x5
 1264 003c B1010000 		.4byte	.LASF4
 1265 0040 02       		.uleb128 0x2
 1266 0041 04       		.byte	0x4
 1267 0042 07       		.byte	0x7
 1268 0043 20000000 		.4byte	.LASF5
 1269 0047 02       		.uleb128 0x2
 1270 0048 08       		.byte	0x8
 1271 0049 05       		.byte	0x5
 1272 004a 4C010000 		.4byte	.LASF6
 1273 004e 02       		.uleb128 0x2
 1274 004f 08       		.byte	0x8
 1275 0050 07       		.byte	0x7
 1276 0051 09010000 		.4byte	.LASF7
 1277 0055 03       		.uleb128 0x3
 1278 0056 04       		.byte	0x4
 1279 0057 05       		.byte	0x5
 1280 0058 696E7400 		.ascii	"int\000"
 1281 005c 02       		.uleb128 0x2
 1282 005d 04       		.byte	0x4
 1283 005e 07       		.byte	0x7
 1284 005f FC000000 		.4byte	.LASF8
 1285 0063 04       		.uleb128 0x4
 1286 0064 AB010000 		.4byte	.LASF21
 1287 0068 02       		.byte	0x2
 1288 0069 9201     		.2byte	0x192
 1289 006b 24000000 		.4byte	0x24
 1290 006f 02       		.uleb128 0x2
 1291 0070 04       		.byte	0x4
 1292 0071 04       		.byte	0x4
 1293 0072 0C000000 		.4byte	.LASF9
 1294 0076 02       		.uleb128 0x2
 1295 0077 08       		.byte	0x8
 1296 0078 04       		.byte	0x4
 1297 0079 45000000 		.4byte	.LASF10
 1298 007d 02       		.uleb128 0x2
 1299 007e 01       		.byte	0x1
 1300 007f 08       		.byte	0x8
 1301 0080 5A010000 		.4byte	.LASF11
 1302 0084 05       		.uleb128 0x5
 1303 0085 63000000 		.4byte	0x63
 1304 0089 95000000 		.4byte	0x95
 1305 008d 06       		.uleb128 0x6
 1306 008e 95000000 		.4byte	0x95
 1307 0092 8704     		.2byte	0x487
ARM GAS  C:\Users\gding\AppData\Local\Temp\ccRqutdJ.s 			page 24


 1308 0094 00       		.byte	0
 1309 0095 02       		.uleb128 0x2
 1310 0096 04       		.byte	0x4
 1311 0097 07       		.byte	0x7
 1312 0098 43010000 		.4byte	.LASF12
 1313 009c 07       		.uleb128 0x7
 1314 009d 5C000000 		.4byte	.LASF13
 1315 00a1 01       		.byte	0x1
 1316 00a2 1F       		.byte	0x1f
 1317 00a3 AD000000 		.4byte	0xad
 1318 00a7 05       		.uleb128 0x5
 1319 00a8 03       		.byte	0x3
 1320 00a9 00000000 		.4byte	cy_meta_configecc
 1321 00ad 08       		.uleb128 0x8
 1322 00ae 84000000 		.4byte	0x84
 1323 00b2 05       		.uleb128 0x5
 1324 00b3 63000000 		.4byte	0x63
 1325 00b7 C2000000 		.4byte	0xc2
 1326 00bb 09       		.uleb128 0x9
 1327 00bc 95000000 		.4byte	0x95
 1328 00c0 03       		.byte	0x3
 1329 00c1 00       		.byte	0
 1330 00c2 07       		.uleb128 0x7
 1331 00c3 4C000000 		.4byte	.LASF14
 1332 00c7 01       		.byte	0x1
 1333 00c8 BD       		.byte	0xbd
 1334 00c9 D3000000 		.4byte	0xd3
 1335 00cd 05       		.uleb128 0x5
 1336 00ce 03       		.byte	0x3
 1337 00cf 00000000 		.4byte	cy_meta_custnvl
 1338 00d3 08       		.uleb128 0x8
 1339 00d4 B2000000 		.4byte	0xb2
 1340 00d8 07       		.uleb128 0x7
 1341 00d9 35010000 		.4byte	.LASF15
 1342 00dd 01       		.byte	0x1
 1343 00de CB       		.byte	0xcb
 1344 00df E9000000 		.4byte	0xe9
 1345 00e3 05       		.uleb128 0x5
 1346 00e4 03       		.byte	0x3
 1347 00e5 00000000 		.4byte	cy_meta_wonvl
 1348 00e9 08       		.uleb128 0x8
 1349 00ea B2000000 		.4byte	0xb2
 1350 00ee 05       		.uleb128 0x5
 1351 00ef 63000000 		.4byte	0x63
 1352 00f3 FE000000 		.4byte	0xfe
 1353 00f7 09       		.uleb128 0x9
 1354 00f8 95000000 		.4byte	0x95
 1355 00fc FF       		.byte	0xff
 1356 00fd 00       		.byte	0
 1357 00fe 07       		.uleb128 0x7
 1358 00ff 20010000 		.4byte	.LASF16
 1359 0103 01       		.byte	0x1
 1360 0104 D9       		.byte	0xd9
 1361 0105 0F010000 		.4byte	0x10f
 1362 0109 05       		.uleb128 0x5
 1363 010a 03       		.byte	0x3
 1364 010b 00000000 		.4byte	cy_meta_flashprotect
ARM GAS  C:\Users\gding\AppData\Local\Temp\ccRqutdJ.s 			page 25


 1365 010f 08       		.uleb128 0x8
 1366 0110 EE000000 		.4byte	0xee
 1367 0114 05       		.uleb128 0x5
 1368 0115 63000000 		.4byte	0x63
 1369 0119 24010000 		.4byte	0x124
 1370 011d 09       		.uleb128 0x9
 1371 011e 95000000 		.4byte	0x95
 1372 0122 0B       		.byte	0xb
 1373 0123 00       		.byte	0
 1374 0124 0A       		.uleb128 0xa
 1375 0125 00000000 		.4byte	.LASF17
 1376 0129 01       		.byte	0x1
 1377 012a 0601     		.2byte	0x106
 1378 012c 36010000 		.4byte	0x136
 1379 0130 05       		.uleb128 0x5
 1380 0131 03       		.byte	0x3
 1381 0132 00000000 		.4byte	cy_metadata
 1382 0136 08       		.uleb128 0x8
 1383 0137 14010000 		.4byte	0x114
 1384 013b 00       		.byte	0
 1385              		.section	.debug_abbrev,"",%progbits
 1386              	.Ldebug_abbrev0:
 1387 0000 01       		.uleb128 0x1
 1388 0001 11       		.uleb128 0x11
 1389 0002 01       		.byte	0x1
 1390 0003 25       		.uleb128 0x25
 1391 0004 0E       		.uleb128 0xe
 1392 0005 13       		.uleb128 0x13
 1393 0006 0B       		.uleb128 0xb
 1394 0007 03       		.uleb128 0x3
 1395 0008 0E       		.uleb128 0xe
 1396 0009 1B       		.uleb128 0x1b
 1397 000a 0E       		.uleb128 0xe
 1398 000b 10       		.uleb128 0x10
 1399 000c 17       		.uleb128 0x17
 1400 000d 00       		.byte	0
 1401 000e 00       		.byte	0
 1402 000f 02       		.uleb128 0x2
 1403 0010 24       		.uleb128 0x24
 1404 0011 00       		.byte	0
 1405 0012 0B       		.uleb128 0xb
 1406 0013 0B       		.uleb128 0xb
 1407 0014 3E       		.uleb128 0x3e
 1408 0015 0B       		.uleb128 0xb
 1409 0016 03       		.uleb128 0x3
 1410 0017 0E       		.uleb128 0xe
 1411 0018 00       		.byte	0
 1412 0019 00       		.byte	0
 1413 001a 03       		.uleb128 0x3
 1414 001b 24       		.uleb128 0x24
 1415 001c 00       		.byte	0
 1416 001d 0B       		.uleb128 0xb
 1417 001e 0B       		.uleb128 0xb
 1418 001f 3E       		.uleb128 0x3e
 1419 0020 0B       		.uleb128 0xb
 1420 0021 03       		.uleb128 0x3
 1421 0022 08       		.uleb128 0x8
ARM GAS  C:\Users\gding\AppData\Local\Temp\ccRqutdJ.s 			page 26


 1422 0023 00       		.byte	0
 1423 0024 00       		.byte	0
 1424 0025 04       		.uleb128 0x4
 1425 0026 16       		.uleb128 0x16
 1426 0027 00       		.byte	0
 1427 0028 03       		.uleb128 0x3
 1428 0029 0E       		.uleb128 0xe
 1429 002a 3A       		.uleb128 0x3a
 1430 002b 0B       		.uleb128 0xb
 1431 002c 3B       		.uleb128 0x3b
 1432 002d 05       		.uleb128 0x5
 1433 002e 49       		.uleb128 0x49
 1434 002f 13       		.uleb128 0x13
 1435 0030 00       		.byte	0
 1436 0031 00       		.byte	0
 1437 0032 05       		.uleb128 0x5
 1438 0033 01       		.uleb128 0x1
 1439 0034 01       		.byte	0x1
 1440 0035 49       		.uleb128 0x49
 1441 0036 13       		.uleb128 0x13
 1442 0037 01       		.uleb128 0x1
 1443 0038 13       		.uleb128 0x13
 1444 0039 00       		.byte	0
 1445 003a 00       		.byte	0
 1446 003b 06       		.uleb128 0x6
 1447 003c 21       		.uleb128 0x21
 1448 003d 00       		.byte	0
 1449 003e 49       		.uleb128 0x49
 1450 003f 13       		.uleb128 0x13
 1451 0040 2F       		.uleb128 0x2f
 1452 0041 05       		.uleb128 0x5
 1453 0042 00       		.byte	0
 1454 0043 00       		.byte	0
 1455 0044 07       		.uleb128 0x7
 1456 0045 34       		.uleb128 0x34
 1457 0046 00       		.byte	0
 1458 0047 03       		.uleb128 0x3
 1459 0048 0E       		.uleb128 0xe
 1460 0049 3A       		.uleb128 0x3a
 1461 004a 0B       		.uleb128 0xb
 1462 004b 3B       		.uleb128 0x3b
 1463 004c 0B       		.uleb128 0xb
 1464 004d 49       		.uleb128 0x49
 1465 004e 13       		.uleb128 0x13
 1466 004f 3F       		.uleb128 0x3f
 1467 0050 19       		.uleb128 0x19
 1468 0051 02       		.uleb128 0x2
 1469 0052 18       		.uleb128 0x18
 1470 0053 00       		.byte	0
 1471 0054 00       		.byte	0
 1472 0055 08       		.uleb128 0x8
 1473 0056 26       		.uleb128 0x26
 1474 0057 00       		.byte	0
 1475 0058 49       		.uleb128 0x49
 1476 0059 13       		.uleb128 0x13
 1477 005a 00       		.byte	0
 1478 005b 00       		.byte	0
ARM GAS  C:\Users\gding\AppData\Local\Temp\ccRqutdJ.s 			page 27


 1479 005c 09       		.uleb128 0x9
 1480 005d 21       		.uleb128 0x21
 1481 005e 00       		.byte	0
 1482 005f 49       		.uleb128 0x49
 1483 0060 13       		.uleb128 0x13
 1484 0061 2F       		.uleb128 0x2f
 1485 0062 0B       		.uleb128 0xb
 1486 0063 00       		.byte	0
 1487 0064 00       		.byte	0
 1488 0065 0A       		.uleb128 0xa
 1489 0066 34       		.uleb128 0x34
 1490 0067 00       		.byte	0
 1491 0068 03       		.uleb128 0x3
 1492 0069 0E       		.uleb128 0xe
 1493 006a 3A       		.uleb128 0x3a
 1494 006b 0B       		.uleb128 0xb
 1495 006c 3B       		.uleb128 0x3b
 1496 006d 05       		.uleb128 0x5
 1497 006e 49       		.uleb128 0x49
 1498 006f 13       		.uleb128 0x13
 1499 0070 3F       		.uleb128 0x3f
 1500 0071 19       		.uleb128 0x19
 1501 0072 02       		.uleb128 0x2
 1502 0073 18       		.uleb128 0x18
 1503 0074 00       		.byte	0
 1504 0075 00       		.byte	0
 1505 0076 00       		.byte	0
 1506              		.section	.debug_aranges,"",%progbits
 1507 0000 14000000 		.4byte	0x14
 1508 0004 0200     		.2byte	0x2
 1509 0006 00000000 		.4byte	.Ldebug_info0
 1510 000a 04       		.byte	0x4
 1511 000b 00       		.byte	0
 1512 000c 0000     		.2byte	0
 1513 000e 0000     		.2byte	0
 1514 0010 00000000 		.4byte	0
 1515 0014 00000000 		.4byte	0
 1516              		.section	.debug_line,"",%progbits
 1517              	.Ldebug_line0:
 1518 0000 4D000000 		.section	.debug_str,"MS",%progbits,1
 1518      02004700 
 1518      00000201 
 1518      FB0E0D00 
 1518      01010101 
 1519              	.LASF17:
 1520 0000 63795F6D 		.ascii	"cy_metadata\000"
 1520      65746164 
 1520      61746100 
 1521              	.LASF9:
 1522 000c 666C6F61 		.ascii	"float\000"
 1522      7400
 1523              	.LASF1:
 1524 0012 756E7369 		.ascii	"unsigned char\000"
 1524      676E6564 
 1524      20636861 
 1524      7200
 1525              	.LASF5:
ARM GAS  C:\Users\gding\AppData\Local\Temp\ccRqutdJ.s 			page 28


 1526 0020 6C6F6E67 		.ascii	"long unsigned int\000"
 1526      20756E73 
 1526      69676E65 
 1526      6420696E 
 1526      7400
 1527              	.LASF3:
 1528 0032 73686F72 		.ascii	"short unsigned int\000"
 1528      7420756E 
 1528      7369676E 
 1528      65642069 
 1528      6E7400
 1529              	.LASF10:
 1530 0045 646F7562 		.ascii	"double\000"
 1530      6C6500
 1531              	.LASF14:
 1532 004c 63795F6D 		.ascii	"cy_meta_custnvl\000"
 1532      6574615F 
 1532      63757374 
 1532      6E766C00 
 1533              	.LASF13:
 1534 005c 63795F6D 		.ascii	"cy_meta_configecc\000"
 1534      6574615F 
 1534      636F6E66 
 1534      69676563 
 1534      6300
 1535              	.LASF18:
 1536 006e 474E5520 		.ascii	"GNU C 4.9.3 20150303 (release) [ARM/embedded-4_9-br"
 1536      4320342E 
 1536      392E3320 
 1536      32303135 
 1536      30333033 
 1537 00a1 616E6368 		.ascii	"anch revision 221220] -mcpu=cortex-m3 -mthumb -g -O"
 1537      20726576 
 1537      6973696F 
 1537      6E203232 
 1537      31323230 
 1538 00d4 67202D66 		.ascii	"g -ffunction-sections -ffat-lto-objects\000"
 1538      66756E63 
 1538      74696F6E 
 1538      2D736563 
 1538      74696F6E 
 1539              	.LASF8:
 1540 00fc 756E7369 		.ascii	"unsigned int\000"
 1540      676E6564 
 1540      20696E74 
 1540      00
 1541              	.LASF7:
 1542 0109 6C6F6E67 		.ascii	"long long unsigned int\000"
 1542      206C6F6E 
 1542      6720756E 
 1542      7369676E 
 1542      65642069 
 1543              	.LASF16:
 1544 0120 63795F6D 		.ascii	"cy_meta_flashprotect\000"
 1544      6574615F 
 1544      666C6173 
 1544      6870726F 
ARM GAS  C:\Users\gding\AppData\Local\Temp\ccRqutdJ.s 			page 29


 1544      74656374 
 1545              	.LASF15:
 1546 0135 63795F6D 		.ascii	"cy_meta_wonvl\000"
 1546      6574615F 
 1546      776F6E76 
 1546      6C00
 1547              	.LASF12:
 1548 0143 73697A65 		.ascii	"sizetype\000"
 1548      74797065 
 1548      00
 1549              	.LASF6:
 1550 014c 6C6F6E67 		.ascii	"long long int\000"
 1550      206C6F6E 
 1550      6720696E 
 1550      7400
 1551              	.LASF11:
 1552 015a 63686172 		.ascii	"char\000"
 1552      00
 1553              	.LASF20:
 1554 015f 433A5C55 		.ascii	"C:\\Users\\gding\\Documents\\O-Vac\\PSoC\\SD_card_e"
 1554      73657273 
 1554      5C676469 
 1554      6E675C44 
 1554      6F63756D 
 1555 018c 78616D70 		.ascii	"xample\\SD_Card.cydsn\000"
 1555      6C655C53 
 1555      445F4361 
 1555      72642E63 
 1555      7964736E 
 1556              	.LASF2:
 1557 01a1 73686F72 		.ascii	"short int\000"
 1557      7420696E 
 1557      7400
 1558              	.LASF21:
 1559 01ab 75696E74 		.ascii	"uint8\000"
 1559      3800
 1560              	.LASF4:
 1561 01b1 6C6F6E67 		.ascii	"long int\000"
 1561      20696E74 
 1561      00
 1562              	.LASF0:
 1563 01ba 7369676E 		.ascii	"signed char\000"
 1563      65642063 
 1563      68617200 
 1564              	.LASF19:
 1565 01c6 47656E65 		.ascii	"Generated_Source\\PSoC5\\cymetadata.c\000"
 1565      72617465 
 1565      645F536F 
 1565      75726365 
 1565      5C50536F 
 1566              		.ident	"GCC: (GNU Tools for ARM Embedded Processors) 4.9.3 20150303 (release) [ARM/embedded-4_9-br
