ARM GAS  C:\Users\gding\AppData\Local\Temp\ccXruLX8.s 			page 1


   1              		.syntax unified
   2              		.cpu cortex-m3
   3              		.fpu softvfp
   4              		.eabi_attribute 20, 1
   5              		.eabi_attribute 21, 1
   6              		.eabi_attribute 23, 3
   7              		.eabi_attribute 24, 1
   8              		.eabi_attribute 25, 1
   9              		.eabi_attribute 26, 1
  10              		.eabi_attribute 30, 1
  11              		.eabi_attribute 34, 1
  12              		.eabi_attribute 18, 4
  13              		.thumb
  14              		.file	"functions.c"
  15              		.text
  16              	.Ltext0:
  17              		.cfi_sections	.debug_frame
  18              		.section	.text.Initialize_SD_Card,"ax",%progbits
  19              		.align	2
  20              		.global	Initialize_SD_Card
  21              		.thumb
  22              		.thumb_func
  23              		.type	Initialize_SD_Card, %function
  24              	Initialize_SD_Card:
  25              	.LFB63:
  26              		.file 1 "functions.c"
   1:functions.c   **** /* ========================================
   2:functions.c   ****  *
   3:functions.c   ****  * Copyright YOUR COMPANY, THE YEAR
   4:functions.c   ****  * All Rights Reserved
   5:functions.c   ****  * UNPUBLISHED, LICENSED SOFTWARE.
   6:functions.c   ****  *
   7:functions.c   ****  * CONFIDENTIAL AND PROPRIETARY INFORMATION
   8:functions.c   ****  * WHICH IS THE PROPERTY OF your company.
   9:functions.c   ****  *
  10:functions.c   ****  * ========================================
  11:functions.c   **** */
  12:functions.c   **** /* Source file for helper functions, make main a little shorter*/
  13:functions.c   **** 
  14:functions.c   **** #include "functions.h"
  15:functions.c   **** 
  16:functions.c   **** int Initialize_SD_Card(char *filename, char *volname, FS_FILE *file){
  27              		.loc 1 16 0
  28              		.cfi_startproc
  29              		@ args = 0, pretend = 0, frame = 0
  30              		@ frame_needed = 0, uses_anonymous_args = 0
  31              	.LVL0:
  32 0000 38B5     		push	{r3, r4, r5, lr}
  33              		.cfi_def_cfa_offset 16
  34              		.cfi_offset 3, -16
  35              		.cfi_offset 4, -12
  36              		.cfi_offset 5, -8
  37              		.cfi_offset 14, -4
  38 0002 0546     		mov	r5, r0
  39 0004 0C46     		mov	r4, r1
  17:functions.c   ****     FS_Init();
  40              		.loc 1 17 0
ARM GAS  C:\Users\gding\AppData\Local\Temp\ccXruLX8.s 			page 2


  41 0006 FFF7FEFF 		bl	FS_Init
  42              	.LVL1:
  18:functions.c   ****     FS_Mount(volname);
  43              		.loc 1 18 0
  44 000a 2046     		mov	r0, r4
  45 000c FFF7FEFF 		bl	FS_Mount
  46              	.LVL2:
  19:functions.c   ****     if(0 != FS_GetVolumeName(0u, volname, 9u))
  47              		.loc 1 19 0
  48 0010 0020     		movs	r0, #0
  49 0012 2146     		mov	r1, r4
  50 0014 0922     		movs	r2, #9
  51 0016 FFF7FEFF 		bl	FS_GetVolumeName
  52              	.LVL3:
  53 001a E8B3     		cbz	r0, .L3
  20:functions.c   ****     {
  21:functions.c   ****         /* Getting volume name succeeded so prompt it on the LCD */
  22:functions.c   ****         LED4_Write(1);
  54              		.loc 1 22 0
  55 001c 0120     		movs	r0, #1
  56 001e FFF7FEFF 		bl	LED4_Write
  57              	.LVL4:
  23:functions.c   ****         CyDelay(500u);
  58              		.loc 1 23 0
  59 0022 4FF4FA70 		mov	r0, #500
  60 0026 FFF7FEFF 		bl	CyDelay
  61              	.LVL5:
  24:functions.c   ****     }
  25:functions.c   ****     else
  26:functions.c   ****         return 1;   
  27:functions.c   ****     
  28:functions.c   ****     CyDelay(500u);
  62              		.loc 1 28 0
  63 002a 4FF4FA70 		mov	r0, #500
  64 002e FFF7FEFF 		bl	CyDelay
  65              	.LVL6:
  29:functions.c   ****     LED4_Write(0);
  66              		.loc 1 29 0
  67 0032 0020     		movs	r0, #0
  68 0034 FFF7FEFF 		bl	LED4_Write
  69              	.LVL7:
  30:functions.c   **** //    setCursor(0u, 0u);
  31:functions.c   **** //    LCD_print("SD card format");
  32:functions.c   ****     
  33:functions.c   ****     if(0 == FS_FormatSD(volname))
  70              		.loc 1 33 0
  71 0038 2046     		mov	r0, r4
  72 003a FFF7FEFF 		bl	FS_FormatSD
  73              	.LVL8:
  74 003e 0446     		mov	r4, r0
  75              	.LVL9:
  76 0040 60BB     		cbnz	r0, .L4
  34:functions.c   ****     {
  35:functions.c   ****         LED4_Write(1);
  77              		.loc 1 35 0
  78 0042 0120     		movs	r0, #1
  79 0044 FFF7FEFF 		bl	LED4_Write
ARM GAS  C:\Users\gding\AppData\Local\Temp\ccXruLX8.s 			page 3


  80              	.LVL10:
  36:functions.c   **** //        setCursor(1u, 0u);
  37:functions.c   **** //        LCD_print("Succeeded");
  38:functions.c   ****     }
  39:functions.c   ****     else
  40:functions.c   ****     {
  41:functions.c   **** //        setCursor(1u, 0u);
  42:functions.c   **** //        LCD_print("Failed");
  43:functions.c   ****         return 1;
  44:functions.c   ****     }
  45:functions.c   ****     CyDelay(500u);
  81              		.loc 1 45 0
  82 0048 4FF4FA70 		mov	r0, #500
  83 004c FFF7FEFF 		bl	CyDelay
  84              	.LVL11:
  46:functions.c   ****     LED4_Write(0);
  85              		.loc 1 46 0
  86 0050 0020     		movs	r0, #0
  87 0052 FFF7FEFF 		bl	LED4_Write
  88              	.LVL12:
  47:functions.c   ****     file = FS_FOpen(filename, "w");
  89              		.loc 1 47 0
  90 0056 2846     		mov	r0, r5
  91 0058 1449     		ldr	r1, .L8
  92 005a FFF7FEFF 		bl	FS_FOpen
  93              	.LVL13:
  48:functions.c   ****     if(file)
  94              		.loc 1 48 0
  95 005e 0546     		mov	r5, r0
  96              	.LVL14:
  97 0060 F0B1     		cbz	r0, .L5
  49:functions.c   ****     {
  50:functions.c   ****         /* Indicate successful file creation message */
  51:functions.c   **** //        LCD_print("File ");
  52:functions.c   **** //        LCD_print(filename);
  53:functions.c   **** //        setCursor(1u, 0u);
  54:functions.c   **** //        LCD_print("was opened");
  55:functions.c   ****         LED6_Write(1);
  98              		.loc 1 55 0
  99 0062 0120     		movs	r0, #1
 100              	.LVL15:
 101 0064 FFF7FEFF 		bl	LED6_Write
 102              	.LVL16:
  56:functions.c   ****         /* Need some delay to indicate output on the LCD */
  57:functions.c   ****         CyDelay(1000u);
 103              		.loc 1 57 0
 104 0068 4FF47A70 		mov	r0, #1000
 105 006c FFF7FEFF 		bl	CyDelay
 106              	.LVL17:
  58:functions.c   ****         LED6_Write(0);
 107              		.loc 1 58 0
 108 0070 0020     		movs	r0, #0
 109 0072 FFF7FEFF 		bl	LED6_Write
 110              	.LVL18:
  59:functions.c   **** //        clear();
  60:functions.c   ****         
  61:functions.c   **** //        setCursor(0u, 0u);
ARM GAS  C:\Users\gding\AppData\Local\Temp\ccXruLX8.s 			page 4


  62:functions.c   ****         
  63:functions.c   ****         if(0 != FS_Write(file, "Testing Testing\nTesting Testing", 31u)) 
 111              		.loc 1 63 0
 112 0076 2846     		mov	r0, r5
 113 0078 0D49     		ldr	r1, .L8+4
 114 007a 1F22     		movs	r2, #31
 115 007c FFF7FEFF 		bl	FS_Write
 116              	.LVL19:
 117 0080 80B1     		cbz	r0, .L6
  64:functions.c   ****         {
  65:functions.c   ****             /* Inditate that data was written to a file */
  66:functions.c   **** //            LCD_print("\"0123456789\"");
  67:functions.c   **** //            LCD_print(filename);
  68:functions.c   **** //            setCursor(1u, 0u);
  69:functions.c   **** //            LCD_print("written to file");
  70:functions.c   ****             LED7_Write(1);
 118              		.loc 1 70 0
 119 0082 0120     		movs	r0, #1
 120 0084 FFF7FEFF 		bl	LED7_Write
 121              	.LVL20:
  71:functions.c   ****             CyDelay(1000u);
 122              		.loc 1 71 0
 123 0088 4FF47A70 		mov	r0, #1000
 124 008c FFF7FEFF 		bl	CyDelay
 125              	.LVL21:
  72:functions.c   ****             LED7_Write(0);
 126              		.loc 1 72 0
 127 0090 0020     		movs	r0, #0
 128 0092 FFF7FEFF 		bl	LED7_Write
 129              	.LVL22:
  73:functions.c   ****         }
  74:functions.c   ****         else
  75:functions.c   ****         {
  76:functions.c   **** //            LCD_print("Failed to write");
  77:functions.c   **** //            setCursor(1u, 0u);
  78:functions.c   **** //            LCD_print("data to file");
  79:functions.c   ****             return 1;
  80:functions.c   ****         }
  81:functions.c   ****     }
  82:functions.c   ****     else
  83:functions.c   ****     {
  84:functions.c   **** //        LCD_print("Failed to create");
  85:functions.c   **** //        setCursor(1u, 0u);
  86:functions.c   **** //        LCD_print("file");
  87:functions.c   ****         return 1;
  88:functions.c   ****     }
  89:functions.c   ****     return 0;
 130              		.loc 1 89 0
 131 0096 06E0     		b	.L2
 132              	.LVL23:
 133              	.L3:
  26:functions.c   ****     
 134              		.loc 1 26 0
 135 0098 0124     		movs	r4, #1
 136              	.LVL24:
 137 009a 04E0     		b	.L2
 138              	.L4:
ARM GAS  C:\Users\gding\AppData\Local\Temp\ccXruLX8.s 			page 5


  43:functions.c   ****     }
 139              		.loc 1 43 0
 140 009c 0124     		movs	r4, #1
 141 009e 02E0     		b	.L2
 142              	.LVL25:
 143              	.L5:
  87:functions.c   ****     }
 144              		.loc 1 87 0
 145 00a0 0124     		movs	r4, #1
 146 00a2 00E0     		b	.L2
 147              	.LVL26:
 148              	.L6:
  79:functions.c   ****         }
 149              		.loc 1 79 0
 150 00a4 0124     		movs	r4, #1
 151              	.LVL27:
 152              	.L2:
  90:functions.c   **** }
 153              		.loc 1 90 0
 154 00a6 2046     		mov	r0, r4
 155 00a8 38BD     		pop	{r3, r4, r5, pc}
 156              	.L9:
 157 00aa 00BF     		.align	2
 158              	.L8:
 159 00ac 00000000 		.word	.LC0
 160 00b0 04000000 		.word	.LC1
 161              		.cfi_endproc
 162              	.LFE63:
 163              		.size	Initialize_SD_Card, .-Initialize_SD_Card
 164              		.section	.rodata.str1.4,"aMS",%progbits,1
 165              		.align	2
 166              	.LC0:
 167 0000 7700     		.ascii	"w\000"
 168 0002 0000     		.space	2
 169              	.LC1:
 170 0004 54657374 		.ascii	"Testing Testing\012Testing Testing\000"
 170      696E6720 
 170      54657374 
 170      696E670A 
 170      54657374 
 171              		.text
 172              	.Letext0:
 173              		.file 2 "c:\\program files (x86)\\cypress\\psoc creator\\4.0\\psoc creator\\import\\gnu\\arm\\4.9.
 174              		.file 3 "c:\\program files (x86)\\cypress\\psoc creator\\4.0\\psoc creator\\import\\gnu\\arm\\4.9.
 175              		.file 4 "Generated_Source\\PSoC5/cytypes.h"
 176              		.file 5 "..\\emFile_V322c\\emFile_V322c\\Code\\Include\\PSoC5/FS_Types.h"
 177              		.file 6 "..\\emFile_V322c\\emFile_V322c\\Code\\Include\\PSoC5/FS.h"
 178              		.file 7 "Generated_Source\\PSoC5/LED4.h"
 179              		.file 8 "Generated_Source\\PSoC5/CyLib.h"
 180              		.file 9 "Generated_Source\\PSoC5/LED6.h"
 181              		.file 10 "Generated_Source\\PSoC5/core_cm3.h"
 182              		.file 11 "Generated_Source\\PSoC5/LED7.h"
 183              		.section	.debug_info,"",%progbits
 184              	.Ldebug_info0:
 185 0000 92030000 		.4byte	0x392
 186 0004 0400     		.2byte	0x4
 187 0006 00000000 		.4byte	.Ldebug_abbrev0
ARM GAS  C:\Users\gding\AppData\Local\Temp\ccXruLX8.s 			page 6


 188 000a 04       		.byte	0x4
 189 000b 01       		.uleb128 0x1
 190 000c E9000000 		.4byte	.LASF29
 191 0010 01       		.byte	0x1
 192 0011 1F000000 		.4byte	.LASF30
 193 0015 CA010000 		.4byte	.LASF31
 194 0019 00000000 		.4byte	.Ldebug_ranges0+0
 195 001d 00000000 		.4byte	0
 196 0021 00000000 		.4byte	.Ldebug_line0
 197 0025 02       		.uleb128 0x2
 198 0026 01       		.byte	0x1
 199 0027 06       		.byte	0x6
 200 0028 2D020000 		.4byte	.LASF0
 201 002c 02       		.uleb128 0x2
 202 002d 01       		.byte	0x1
 203 002e 08       		.byte	0x8
 204 002f A9000000 		.4byte	.LASF1
 205 0033 02       		.uleb128 0x2
 206 0034 02       		.byte	0x2
 207 0035 05       		.byte	0x5
 208 0036 0C020000 		.4byte	.LASF2
 209 003a 02       		.uleb128 0x2
 210 003b 02       		.byte	0x2
 211 003c 07       		.byte	0x7
 212 003d 78000000 		.4byte	.LASF3
 213 0041 03       		.uleb128 0x3
 214 0042 09000000 		.4byte	.LASF9
 215 0046 02       		.byte	0x2
 216 0047 3F       		.byte	0x3f
 217 0048 4C000000 		.4byte	0x4c
 218 004c 02       		.uleb128 0x2
 219 004d 04       		.byte	0x4
 220 004e 05       		.byte	0x5
 221 004f 24020000 		.4byte	.LASF4
 222 0053 02       		.uleb128 0x2
 223 0054 04       		.byte	0x4
 224 0055 07       		.byte	0x7
 225 0056 66000000 		.4byte	.LASF5
 226 005a 02       		.uleb128 0x2
 227 005b 08       		.byte	0x8
 228 005c 05       		.byte	0x5
 229 005d B7010000 		.4byte	.LASF6
 230 0061 02       		.uleb128 0x2
 231 0062 08       		.byte	0x8
 232 0063 07       		.byte	0x7
 233 0064 8F010000 		.4byte	.LASF7
 234 0068 04       		.uleb128 0x4
 235 0069 04       		.byte	0x4
 236 006a 05       		.byte	0x5
 237 006b 696E7400 		.ascii	"int\000"
 238 006f 02       		.uleb128 0x2
 239 0070 04       		.byte	0x4
 240 0071 07       		.byte	0x7
 241 0072 77010000 		.4byte	.LASF8
 242 0076 03       		.uleb128 0x3
 243 0077 32000000 		.4byte	.LASF10
 244 007b 03       		.byte	0x3
ARM GAS  C:\Users\gding\AppData\Local\Temp\ccXruLX8.s 			page 7


 245 007c 2C       		.byte	0x2c
 246 007d 41000000 		.4byte	0x41
 247 0081 05       		.uleb128 0x5
 248 0082 1E020000 		.4byte	.LASF11
 249 0086 04       		.byte	0x4
 250 0087 9201     		.2byte	0x192
 251 0089 2C000000 		.4byte	0x2c
 252 008d 05       		.uleb128 0x5
 253 008e E2000000 		.4byte	.LASF12
 254 0092 04       		.byte	0x4
 255 0093 9401     		.2byte	0x194
 256 0095 53000000 		.4byte	0x53
 257 0099 02       		.uleb128 0x2
 258 009a 04       		.byte	0x4
 259 009b 04       		.byte	0x4
 260 009c 3A000000 		.4byte	.LASF13
 261 00a0 02       		.uleb128 0x2
 262 00a1 08       		.byte	0x8
 263 00a2 04       		.byte	0x4
 264 00a3 2B000000 		.4byte	.LASF14
 265 00a7 02       		.uleb128 0x2
 266 00a8 01       		.byte	0x1
 267 00a9 08       		.byte	0x8
 268 00aa C5010000 		.4byte	.LASF15
 269 00ae 02       		.uleb128 0x2
 270 00af 04       		.byte	0x4
 271 00b0 07       		.byte	0x7
 272 00b1 AE010000 		.4byte	.LASF16
 273 00b5 06       		.uleb128 0x6
 274 00b6 04       		.byte	0x4
 275 00b7 A7000000 		.4byte	0xa7
 276 00bb 06       		.uleb128 0x6
 277 00bc 04       		.byte	0x4
 278 00bd C1000000 		.4byte	0xc1
 279 00c1 07       		.uleb128 0x7
 280 00c2 A7000000 		.4byte	0xa7
 281 00c6 03       		.uleb128 0x3
 282 00c7 A6010000 		.4byte	.LASF17
 283 00cb 05       		.byte	0x5
 284 00cc 7E       		.byte	0x7e
 285 00cd D1000000 		.4byte	0xd1
 286 00d1 08       		.uleb128 0x8
 287 00d2 A6010000 		.4byte	.LASF17
 288 00d6 06       		.uleb128 0x6
 289 00d7 04       		.byte	0x4
 290 00d8 C6000000 		.4byte	0xc6
 291 00dc 06       		.uleb128 0x6
 292 00dd 04       		.byte	0x4
 293 00de E2000000 		.4byte	0xe2
 294 00e2 09       		.uleb128 0x9
 295 00e3 0A       		.uleb128 0xa
 296 00e4 53000000 		.4byte	.LASF32
 297 00e8 01       		.byte	0x1
 298 00e9 10       		.byte	0x10
 299 00ea 68000000 		.4byte	0x68
 300 00ee 00000000 		.4byte	.LFB63
 301 00f2 B4000000 		.4byte	.LFE63-.LFB63
ARM GAS  C:\Users\gding\AppData\Local\Temp\ccXruLX8.s 			page 8


 302 00f6 01       		.uleb128 0x1
 303 00f7 9C       		.byte	0x9c
 304 00f8 B5020000 		.4byte	0x2b5
 305 00fc 0B       		.uleb128 0xb
 306 00fd 00000000 		.4byte	.LASF18
 307 0101 01       		.byte	0x1
 308 0102 10       		.byte	0x10
 309 0103 B5000000 		.4byte	0xb5
 310 0107 00000000 		.4byte	.LLST0
 311 010b 0B       		.uleb128 0xb
 312 010c 40000000 		.4byte	.LASF19
 313 0110 01       		.byte	0x1
 314 0111 10       		.byte	0x10
 315 0112 B5000000 		.4byte	0xb5
 316 0116 45000000 		.4byte	.LLST1
 317 011a 0B       		.uleb128 0xb
 318 011b B7000000 		.4byte	.LASF20
 319 011f 01       		.byte	0x1
 320 0120 10       		.byte	0x10
 321 0121 D6000000 		.4byte	0xd6
 322 0125 8A000000 		.4byte	.LLST2
 323 0129 0C       		.uleb128 0xc
 324 012a 0A000000 		.4byte	.LVL1
 325 012e C6020000 		.4byte	0x2c6
 326 0132 0D       		.uleb128 0xd
 327 0133 10000000 		.4byte	.LVL2
 328 0137 CE020000 		.4byte	0x2ce
 329 013b 46010000 		.4byte	0x146
 330 013f 0E       		.uleb128 0xe
 331 0140 01       		.uleb128 0x1
 332 0141 50       		.byte	0x50
 333 0142 02       		.uleb128 0x2
 334 0143 74       		.byte	0x74
 335 0144 00       		.sleb128 0
 336 0145 00       		.byte	0
 337 0146 0D       		.uleb128 0xd
 338 0147 1A000000 		.4byte	.LVL3
 339 014b E4020000 		.4byte	0x2e4
 340 014f 64010000 		.4byte	0x164
 341 0153 0E       		.uleb128 0xe
 342 0154 01       		.uleb128 0x1
 343 0155 52       		.byte	0x52
 344 0156 01       		.uleb128 0x1
 345 0157 39       		.byte	0x39
 346 0158 0E       		.uleb128 0xe
 347 0159 01       		.uleb128 0x1
 348 015a 51       		.byte	0x51
 349 015b 02       		.uleb128 0x2
 350 015c 74       		.byte	0x74
 351 015d 00       		.sleb128 0
 352 015e 0E       		.uleb128 0xe
 353 015f 01       		.uleb128 0x1
 354 0160 50       		.byte	0x50
 355 0161 01       		.uleb128 0x1
 356 0162 30       		.byte	0x30
 357 0163 00       		.byte	0
 358 0164 0D       		.uleb128 0xd
ARM GAS  C:\Users\gding\AppData\Local\Temp\ccXruLX8.s 			page 9


 359 0165 22000000 		.4byte	.LVL4
 360 0169 04030000 		.4byte	0x304
 361 016d 77010000 		.4byte	0x177
 362 0171 0E       		.uleb128 0xe
 363 0172 01       		.uleb128 0x1
 364 0173 50       		.byte	0x50
 365 0174 01       		.uleb128 0x1
 366 0175 31       		.byte	0x31
 367 0176 00       		.byte	0
 368 0177 0D       		.uleb128 0xd
 369 0178 2A000000 		.4byte	.LVL5
 370 017c 15030000 		.4byte	0x315
 371 0180 8C010000 		.4byte	0x18c
 372 0184 0E       		.uleb128 0xe
 373 0185 01       		.uleb128 0x1
 374 0186 50       		.byte	0x50
 375 0187 03       		.uleb128 0x3
 376 0188 0A       		.byte	0xa
 377 0189 F401     		.2byte	0x1f4
 378 018b 00       		.byte	0
 379 018c 0D       		.uleb128 0xd
 380 018d 32000000 		.4byte	.LVL6
 381 0191 15030000 		.4byte	0x315
 382 0195 A1010000 		.4byte	0x1a1
 383 0199 0E       		.uleb128 0xe
 384 019a 01       		.uleb128 0x1
 385 019b 50       		.byte	0x50
 386 019c 03       		.uleb128 0x3
 387 019d 0A       		.byte	0xa
 388 019e F401     		.2byte	0x1f4
 389 01a0 00       		.byte	0
 390 01a1 0D       		.uleb128 0xd
 391 01a2 38000000 		.4byte	.LVL7
 392 01a6 04030000 		.4byte	0x304
 393 01aa B4010000 		.4byte	0x1b4
 394 01ae 0E       		.uleb128 0xe
 395 01af 01       		.uleb128 0x1
 396 01b0 50       		.byte	0x50
 397 01b1 01       		.uleb128 0x1
 398 01b2 30       		.byte	0x30
 399 01b3 00       		.byte	0
 400 01b4 0D       		.uleb128 0xd
 401 01b5 3E000000 		.4byte	.LVL8
 402 01b9 26030000 		.4byte	0x326
 403 01bd C8010000 		.4byte	0x1c8
 404 01c1 0E       		.uleb128 0xe
 405 01c2 01       		.uleb128 0x1
 406 01c3 50       		.byte	0x50
 407 01c4 02       		.uleb128 0x2
 408 01c5 74       		.byte	0x74
 409 01c6 00       		.sleb128 0
 410 01c7 00       		.byte	0
 411 01c8 0D       		.uleb128 0xd
 412 01c9 48000000 		.4byte	.LVL10
 413 01cd 04030000 		.4byte	0x304
 414 01d1 DB010000 		.4byte	0x1db
 415 01d5 0E       		.uleb128 0xe
ARM GAS  C:\Users\gding\AppData\Local\Temp\ccXruLX8.s 			page 10


 416 01d6 01       		.uleb128 0x1
 417 01d7 50       		.byte	0x50
 418 01d8 01       		.uleb128 0x1
 419 01d9 31       		.byte	0x31
 420 01da 00       		.byte	0
 421 01db 0D       		.uleb128 0xd
 422 01dc 50000000 		.4byte	.LVL11
 423 01e0 15030000 		.4byte	0x315
 424 01e4 F0010000 		.4byte	0x1f0
 425 01e8 0E       		.uleb128 0xe
 426 01e9 01       		.uleb128 0x1
 427 01ea 50       		.byte	0x50
 428 01eb 03       		.uleb128 0x3
 429 01ec 0A       		.byte	0xa
 430 01ed F401     		.2byte	0x1f4
 431 01ef 00       		.byte	0
 432 01f0 0D       		.uleb128 0xd
 433 01f1 56000000 		.4byte	.LVL12
 434 01f5 04030000 		.4byte	0x304
 435 01f9 03020000 		.4byte	0x203
 436 01fd 0E       		.uleb128 0xe
 437 01fe 01       		.uleb128 0x1
 438 01ff 50       		.byte	0x50
 439 0200 01       		.uleb128 0x1
 440 0201 30       		.byte	0x30
 441 0202 00       		.byte	0
 442 0203 0D       		.uleb128 0xd
 443 0204 5E000000 		.4byte	.LVL13
 444 0208 3C030000 		.4byte	0x33c
 445 020c 20020000 		.4byte	0x220
 446 0210 0E       		.uleb128 0xe
 447 0211 01       		.uleb128 0x1
 448 0212 51       		.byte	0x51
 449 0213 05       		.uleb128 0x5
 450 0214 03       		.byte	0x3
 451 0215 00000000 		.4byte	.LC0
 452 0219 0E       		.uleb128 0xe
 453 021a 01       		.uleb128 0x1
 454 021b 50       		.byte	0x50
 455 021c 02       		.uleb128 0x2
 456 021d 75       		.byte	0x75
 457 021e 00       		.sleb128 0
 458 021f 00       		.byte	0
 459 0220 0D       		.uleb128 0xd
 460 0221 68000000 		.4byte	.LVL16
 461 0225 57030000 		.4byte	0x357
 462 0229 33020000 		.4byte	0x233
 463 022d 0E       		.uleb128 0xe
 464 022e 01       		.uleb128 0x1
 465 022f 50       		.byte	0x50
 466 0230 01       		.uleb128 0x1
 467 0231 31       		.byte	0x31
 468 0232 00       		.byte	0
 469 0233 0D       		.uleb128 0xd
 470 0234 70000000 		.4byte	.LVL17
 471 0238 15030000 		.4byte	0x315
 472 023c 48020000 		.4byte	0x248
ARM GAS  C:\Users\gding\AppData\Local\Temp\ccXruLX8.s 			page 11


 473 0240 0E       		.uleb128 0xe
 474 0241 01       		.uleb128 0x1
 475 0242 50       		.byte	0x50
 476 0243 03       		.uleb128 0x3
 477 0244 0A       		.byte	0xa
 478 0245 E803     		.2byte	0x3e8
 479 0247 00       		.byte	0
 480 0248 0D       		.uleb128 0xd
 481 0249 76000000 		.4byte	.LVL18
 482 024d 57030000 		.4byte	0x357
 483 0251 5B020000 		.4byte	0x25b
 484 0255 0E       		.uleb128 0xe
 485 0256 01       		.uleb128 0x1
 486 0257 50       		.byte	0x50
 487 0258 01       		.uleb128 0x1
 488 0259 30       		.byte	0x30
 489 025a 00       		.byte	0
 490 025b 0D       		.uleb128 0xd
 491 025c 80000000 		.4byte	.LVL19
 492 0260 68030000 		.4byte	0x368
 493 0264 7D020000 		.4byte	0x27d
 494 0268 0E       		.uleb128 0xe
 495 0269 01       		.uleb128 0x1
 496 026a 52       		.byte	0x52
 497 026b 01       		.uleb128 0x1
 498 026c 4F       		.byte	0x4f
 499 026d 0E       		.uleb128 0xe
 500 026e 01       		.uleb128 0x1
 501 026f 51       		.byte	0x51
 502 0270 05       		.uleb128 0x5
 503 0271 03       		.byte	0x3
 504 0272 04000000 		.4byte	.LC1
 505 0276 0E       		.uleb128 0xe
 506 0277 01       		.uleb128 0x1
 507 0278 50       		.byte	0x50
 508 0279 02       		.uleb128 0x2
 509 027a 75       		.byte	0x75
 510 027b 00       		.sleb128 0
 511 027c 00       		.byte	0
 512 027d 0D       		.uleb128 0xd
 513 027e 88000000 		.4byte	.LVL20
 514 0282 88030000 		.4byte	0x388
 515 0286 90020000 		.4byte	0x290
 516 028a 0E       		.uleb128 0xe
 517 028b 01       		.uleb128 0x1
 518 028c 50       		.byte	0x50
 519 028d 01       		.uleb128 0x1
 520 028e 31       		.byte	0x31
 521 028f 00       		.byte	0
 522 0290 0D       		.uleb128 0xd
 523 0291 90000000 		.4byte	.LVL21
 524 0295 15030000 		.4byte	0x315
 525 0299 A5020000 		.4byte	0x2a5
 526 029d 0E       		.uleb128 0xe
 527 029e 01       		.uleb128 0x1
 528 029f 50       		.byte	0x50
 529 02a0 03       		.uleb128 0x3
ARM GAS  C:\Users\gding\AppData\Local\Temp\ccXruLX8.s 			page 12


 530 02a1 0A       		.byte	0xa
 531 02a2 E803     		.2byte	0x3e8
 532 02a4 00       		.byte	0
 533 02a5 0F       		.uleb128 0xf
 534 02a6 96000000 		.4byte	.LVL22
 535 02aa 88030000 		.4byte	0x388
 536 02ae 0E       		.uleb128 0xe
 537 02af 01       		.uleb128 0x1
 538 02b0 50       		.byte	0x50
 539 02b1 01       		.uleb128 0x1
 540 02b2 30       		.byte	0x30
 541 02b3 00       		.byte	0
 542 02b4 00       		.byte	0
 543 02b5 10       		.uleb128 0x10
 544 02b6 9C000000 		.4byte	.LASF33
 545 02ba 0A       		.byte	0xa
 546 02bb 9606     		.2byte	0x696
 547 02bd C1020000 		.4byte	0x2c1
 548 02c1 11       		.uleb128 0x11
 549 02c2 76000000 		.4byte	0x76
 550 02c6 12       		.uleb128 0x12
 551 02c7 16020000 		.4byte	.LASF34
 552 02cb 06       		.byte	0x6
 553 02cc DA01     		.2byte	0x1da
 554 02ce 13       		.uleb128 0x13
 555 02cf CE000000 		.4byte	.LASF21
 556 02d3 06       		.byte	0x6
 557 02d4 7801     		.2byte	0x178
 558 02d6 68000000 		.4byte	0x68
 559 02da E4020000 		.4byte	0x2e4
 560 02de 14       		.uleb128 0x14
 561 02df BB000000 		.4byte	0xbb
 562 02e3 00       		.byte	0
 563 02e4 13       		.uleb128 0x13
 564 02e5 8B000000 		.4byte	.LASF22
 565 02e9 06       		.byte	0x6
 566 02ea 7001     		.2byte	0x170
 567 02ec 68000000 		.4byte	0x68
 568 02f0 04030000 		.4byte	0x304
 569 02f4 14       		.uleb128 0x14
 570 02f5 68000000 		.4byte	0x68
 571 02f9 14       		.uleb128 0x14
 572 02fa B5000000 		.4byte	0xb5
 573 02fe 14       		.uleb128 0x14
 574 02ff 68000000 		.4byte	0x68
 575 0303 00       		.byte	0
 576 0304 15       		.uleb128 0x15
 577 0305 48000000 		.4byte	.LASF23
 578 0309 07       		.byte	0x7
 579 030a 26       		.byte	0x26
 580 030b 15030000 		.4byte	0x315
 581 030f 14       		.uleb128 0x14
 582 0310 81000000 		.4byte	0x81
 583 0314 00       		.byte	0
 584 0315 15       		.uleb128 0x15
 585 0316 39020000 		.4byte	.LASF24
 586 031a 08       		.byte	0x8
ARM GAS  C:\Users\gding\AppData\Local\Temp\ccXruLX8.s 			page 13


 587 031b 76       		.byte	0x76
 588 031c 26030000 		.4byte	0x326
 589 0320 14       		.uleb128 0x14
 590 0321 8D000000 		.4byte	0x8d
 591 0325 00       		.byte	0
 592 0326 13       		.uleb128 0x13
 593 0327 13000000 		.4byte	.LASF25
 594 032b 06       		.byte	0x6
 595 032c E601     		.2byte	0x1e6
 596 032e 68000000 		.4byte	0x68
 597 0332 3C030000 		.4byte	0x33c
 598 0336 14       		.uleb128 0x14
 599 0337 BB000000 		.4byte	0xbb
 600 033b 00       		.byte	0
 601 033c 13       		.uleb128 0x13
 602 033d BC000000 		.4byte	.LASF26
 603 0341 06       		.byte	0x6
 604 0342 3A01     		.2byte	0x13a
 605 0344 D6000000 		.4byte	0xd6
 606 0348 57030000 		.4byte	0x357
 607 034c 14       		.uleb128 0x14
 608 034d BB000000 		.4byte	0xbb
 609 0351 14       		.uleb128 0x14
 610 0352 BB000000 		.4byte	0xbb
 611 0356 00       		.byte	0
 612 0357 15       		.uleb128 0x15
 613 0358 D7000000 		.4byte	.LASF27
 614 035c 09       		.byte	0x9
 615 035d 26       		.byte	0x26
 616 035e 68030000 		.4byte	0x368
 617 0362 14       		.uleb128 0x14
 618 0363 81000000 		.4byte	0x81
 619 0367 00       		.byte	0
 620 0368 13       		.uleb128 0x13
 621 0369 C5000000 		.4byte	.LASF28
 622 036d 06       		.byte	0x6
 623 036e 4401     		.2byte	0x144
 624 0370 53000000 		.4byte	0x53
 625 0374 88030000 		.4byte	0x388
 626 0378 14       		.uleb128 0x14
 627 0379 D6000000 		.4byte	0xd6
 628 037d 14       		.uleb128 0x14
 629 037e DC000000 		.4byte	0xdc
 630 0382 14       		.uleb128 0x14
 631 0383 53000000 		.4byte	0x53
 632 0387 00       		.byte	0
 633 0388 16       		.uleb128 0x16
 634 0389 84010000 		.4byte	.LASF35
 635 038d 0B       		.byte	0xb
 636 038e 26       		.byte	0x26
 637 038f 14       		.uleb128 0x14
 638 0390 81000000 		.4byte	0x81
 639 0394 00       		.byte	0
 640 0395 00       		.byte	0
 641              		.section	.debug_abbrev,"",%progbits
 642              	.Ldebug_abbrev0:
 643 0000 01       		.uleb128 0x1
ARM GAS  C:\Users\gding\AppData\Local\Temp\ccXruLX8.s 			page 14


 644 0001 11       		.uleb128 0x11
 645 0002 01       		.byte	0x1
 646 0003 25       		.uleb128 0x25
 647 0004 0E       		.uleb128 0xe
 648 0005 13       		.uleb128 0x13
 649 0006 0B       		.uleb128 0xb
 650 0007 03       		.uleb128 0x3
 651 0008 0E       		.uleb128 0xe
 652 0009 1B       		.uleb128 0x1b
 653 000a 0E       		.uleb128 0xe
 654 000b 55       		.uleb128 0x55
 655 000c 17       		.uleb128 0x17
 656 000d 11       		.uleb128 0x11
 657 000e 01       		.uleb128 0x1
 658 000f 10       		.uleb128 0x10
 659 0010 17       		.uleb128 0x17
 660 0011 00       		.byte	0
 661 0012 00       		.byte	0
 662 0013 02       		.uleb128 0x2
 663 0014 24       		.uleb128 0x24
 664 0015 00       		.byte	0
 665 0016 0B       		.uleb128 0xb
 666 0017 0B       		.uleb128 0xb
 667 0018 3E       		.uleb128 0x3e
 668 0019 0B       		.uleb128 0xb
 669 001a 03       		.uleb128 0x3
 670 001b 0E       		.uleb128 0xe
 671 001c 00       		.byte	0
 672 001d 00       		.byte	0
 673 001e 03       		.uleb128 0x3
 674 001f 16       		.uleb128 0x16
 675 0020 00       		.byte	0
 676 0021 03       		.uleb128 0x3
 677 0022 0E       		.uleb128 0xe
 678 0023 3A       		.uleb128 0x3a
 679 0024 0B       		.uleb128 0xb
 680 0025 3B       		.uleb128 0x3b
 681 0026 0B       		.uleb128 0xb
 682 0027 49       		.uleb128 0x49
 683 0028 13       		.uleb128 0x13
 684 0029 00       		.byte	0
 685 002a 00       		.byte	0
 686 002b 04       		.uleb128 0x4
 687 002c 24       		.uleb128 0x24
 688 002d 00       		.byte	0
 689 002e 0B       		.uleb128 0xb
 690 002f 0B       		.uleb128 0xb
 691 0030 3E       		.uleb128 0x3e
 692 0031 0B       		.uleb128 0xb
 693 0032 03       		.uleb128 0x3
 694 0033 08       		.uleb128 0x8
 695 0034 00       		.byte	0
 696 0035 00       		.byte	0
 697 0036 05       		.uleb128 0x5
 698 0037 16       		.uleb128 0x16
 699 0038 00       		.byte	0
 700 0039 03       		.uleb128 0x3
ARM GAS  C:\Users\gding\AppData\Local\Temp\ccXruLX8.s 			page 15


 701 003a 0E       		.uleb128 0xe
 702 003b 3A       		.uleb128 0x3a
 703 003c 0B       		.uleb128 0xb
 704 003d 3B       		.uleb128 0x3b
 705 003e 05       		.uleb128 0x5
 706 003f 49       		.uleb128 0x49
 707 0040 13       		.uleb128 0x13
 708 0041 00       		.byte	0
 709 0042 00       		.byte	0
 710 0043 06       		.uleb128 0x6
 711 0044 0F       		.uleb128 0xf
 712 0045 00       		.byte	0
 713 0046 0B       		.uleb128 0xb
 714 0047 0B       		.uleb128 0xb
 715 0048 49       		.uleb128 0x49
 716 0049 13       		.uleb128 0x13
 717 004a 00       		.byte	0
 718 004b 00       		.byte	0
 719 004c 07       		.uleb128 0x7
 720 004d 26       		.uleb128 0x26
 721 004e 00       		.byte	0
 722 004f 49       		.uleb128 0x49
 723 0050 13       		.uleb128 0x13
 724 0051 00       		.byte	0
 725 0052 00       		.byte	0
 726 0053 08       		.uleb128 0x8
 727 0054 13       		.uleb128 0x13
 728 0055 00       		.byte	0
 729 0056 03       		.uleb128 0x3
 730 0057 0E       		.uleb128 0xe
 731 0058 3C       		.uleb128 0x3c
 732 0059 19       		.uleb128 0x19
 733 005a 00       		.byte	0
 734 005b 00       		.byte	0
 735 005c 09       		.uleb128 0x9
 736 005d 26       		.uleb128 0x26
 737 005e 00       		.byte	0
 738 005f 00       		.byte	0
 739 0060 00       		.byte	0
 740 0061 0A       		.uleb128 0xa
 741 0062 2E       		.uleb128 0x2e
 742 0063 01       		.byte	0x1
 743 0064 3F       		.uleb128 0x3f
 744 0065 19       		.uleb128 0x19
 745 0066 03       		.uleb128 0x3
 746 0067 0E       		.uleb128 0xe
 747 0068 3A       		.uleb128 0x3a
 748 0069 0B       		.uleb128 0xb
 749 006a 3B       		.uleb128 0x3b
 750 006b 0B       		.uleb128 0xb
 751 006c 27       		.uleb128 0x27
 752 006d 19       		.uleb128 0x19
 753 006e 49       		.uleb128 0x49
 754 006f 13       		.uleb128 0x13
 755 0070 11       		.uleb128 0x11
 756 0071 01       		.uleb128 0x1
 757 0072 12       		.uleb128 0x12
ARM GAS  C:\Users\gding\AppData\Local\Temp\ccXruLX8.s 			page 16


 758 0073 06       		.uleb128 0x6
 759 0074 40       		.uleb128 0x40
 760 0075 18       		.uleb128 0x18
 761 0076 9742     		.uleb128 0x2117
 762 0078 19       		.uleb128 0x19
 763 0079 01       		.uleb128 0x1
 764 007a 13       		.uleb128 0x13
 765 007b 00       		.byte	0
 766 007c 00       		.byte	0
 767 007d 0B       		.uleb128 0xb
 768 007e 05       		.uleb128 0x5
 769 007f 00       		.byte	0
 770 0080 03       		.uleb128 0x3
 771 0081 0E       		.uleb128 0xe
 772 0082 3A       		.uleb128 0x3a
 773 0083 0B       		.uleb128 0xb
 774 0084 3B       		.uleb128 0x3b
 775 0085 0B       		.uleb128 0xb
 776 0086 49       		.uleb128 0x49
 777 0087 13       		.uleb128 0x13
 778 0088 02       		.uleb128 0x2
 779 0089 17       		.uleb128 0x17
 780 008a 00       		.byte	0
 781 008b 00       		.byte	0
 782 008c 0C       		.uleb128 0xc
 783 008d 898201   		.uleb128 0x4109
 784 0090 00       		.byte	0
 785 0091 11       		.uleb128 0x11
 786 0092 01       		.uleb128 0x1
 787 0093 31       		.uleb128 0x31
 788 0094 13       		.uleb128 0x13
 789 0095 00       		.byte	0
 790 0096 00       		.byte	0
 791 0097 0D       		.uleb128 0xd
 792 0098 898201   		.uleb128 0x4109
 793 009b 01       		.byte	0x1
 794 009c 11       		.uleb128 0x11
 795 009d 01       		.uleb128 0x1
 796 009e 31       		.uleb128 0x31
 797 009f 13       		.uleb128 0x13
 798 00a0 01       		.uleb128 0x1
 799 00a1 13       		.uleb128 0x13
 800 00a2 00       		.byte	0
 801 00a3 00       		.byte	0
 802 00a4 0E       		.uleb128 0xe
 803 00a5 8A8201   		.uleb128 0x410a
 804 00a8 00       		.byte	0
 805 00a9 02       		.uleb128 0x2
 806 00aa 18       		.uleb128 0x18
 807 00ab 9142     		.uleb128 0x2111
 808 00ad 18       		.uleb128 0x18
 809 00ae 00       		.byte	0
 810 00af 00       		.byte	0
 811 00b0 0F       		.uleb128 0xf
 812 00b1 898201   		.uleb128 0x4109
 813 00b4 01       		.byte	0x1
 814 00b5 11       		.uleb128 0x11
ARM GAS  C:\Users\gding\AppData\Local\Temp\ccXruLX8.s 			page 17


 815 00b6 01       		.uleb128 0x1
 816 00b7 31       		.uleb128 0x31
 817 00b8 13       		.uleb128 0x13
 818 00b9 00       		.byte	0
 819 00ba 00       		.byte	0
 820 00bb 10       		.uleb128 0x10
 821 00bc 34       		.uleb128 0x34
 822 00bd 00       		.byte	0
 823 00be 03       		.uleb128 0x3
 824 00bf 0E       		.uleb128 0xe
 825 00c0 3A       		.uleb128 0x3a
 826 00c1 0B       		.uleb128 0xb
 827 00c2 3B       		.uleb128 0x3b
 828 00c3 05       		.uleb128 0x5
 829 00c4 49       		.uleb128 0x49
 830 00c5 13       		.uleb128 0x13
 831 00c6 3F       		.uleb128 0x3f
 832 00c7 19       		.uleb128 0x19
 833 00c8 3C       		.uleb128 0x3c
 834 00c9 19       		.uleb128 0x19
 835 00ca 00       		.byte	0
 836 00cb 00       		.byte	0
 837 00cc 11       		.uleb128 0x11
 838 00cd 35       		.uleb128 0x35
 839 00ce 00       		.byte	0
 840 00cf 49       		.uleb128 0x49
 841 00d0 13       		.uleb128 0x13
 842 00d1 00       		.byte	0
 843 00d2 00       		.byte	0
 844 00d3 12       		.uleb128 0x12
 845 00d4 2E       		.uleb128 0x2e
 846 00d5 00       		.byte	0
 847 00d6 3F       		.uleb128 0x3f
 848 00d7 19       		.uleb128 0x19
 849 00d8 03       		.uleb128 0x3
 850 00d9 0E       		.uleb128 0xe
 851 00da 3A       		.uleb128 0x3a
 852 00db 0B       		.uleb128 0xb
 853 00dc 3B       		.uleb128 0x3b
 854 00dd 05       		.uleb128 0x5
 855 00de 27       		.uleb128 0x27
 856 00df 19       		.uleb128 0x19
 857 00e0 3C       		.uleb128 0x3c
 858 00e1 19       		.uleb128 0x19
 859 00e2 00       		.byte	0
 860 00e3 00       		.byte	0
 861 00e4 13       		.uleb128 0x13
 862 00e5 2E       		.uleb128 0x2e
 863 00e6 01       		.byte	0x1
 864 00e7 3F       		.uleb128 0x3f
 865 00e8 19       		.uleb128 0x19
 866 00e9 03       		.uleb128 0x3
 867 00ea 0E       		.uleb128 0xe
 868 00eb 3A       		.uleb128 0x3a
 869 00ec 0B       		.uleb128 0xb
 870 00ed 3B       		.uleb128 0x3b
 871 00ee 05       		.uleb128 0x5
ARM GAS  C:\Users\gding\AppData\Local\Temp\ccXruLX8.s 			page 18


 872 00ef 27       		.uleb128 0x27
 873 00f0 19       		.uleb128 0x19
 874 00f1 49       		.uleb128 0x49
 875 00f2 13       		.uleb128 0x13
 876 00f3 3C       		.uleb128 0x3c
 877 00f4 19       		.uleb128 0x19
 878 00f5 01       		.uleb128 0x1
 879 00f6 13       		.uleb128 0x13
 880 00f7 00       		.byte	0
 881 00f8 00       		.byte	0
 882 00f9 14       		.uleb128 0x14
 883 00fa 05       		.uleb128 0x5
 884 00fb 00       		.byte	0
 885 00fc 49       		.uleb128 0x49
 886 00fd 13       		.uleb128 0x13
 887 00fe 00       		.byte	0
 888 00ff 00       		.byte	0
 889 0100 15       		.uleb128 0x15
 890 0101 2E       		.uleb128 0x2e
 891 0102 01       		.byte	0x1
 892 0103 3F       		.uleb128 0x3f
 893 0104 19       		.uleb128 0x19
 894 0105 03       		.uleb128 0x3
 895 0106 0E       		.uleb128 0xe
 896 0107 3A       		.uleb128 0x3a
 897 0108 0B       		.uleb128 0xb
 898 0109 3B       		.uleb128 0x3b
 899 010a 0B       		.uleb128 0xb
 900 010b 27       		.uleb128 0x27
 901 010c 19       		.uleb128 0x19
 902 010d 3C       		.uleb128 0x3c
 903 010e 19       		.uleb128 0x19
 904 010f 01       		.uleb128 0x1
 905 0110 13       		.uleb128 0x13
 906 0111 00       		.byte	0
 907 0112 00       		.byte	0
 908 0113 16       		.uleb128 0x16
 909 0114 2E       		.uleb128 0x2e
 910 0115 01       		.byte	0x1
 911 0116 3F       		.uleb128 0x3f
 912 0117 19       		.uleb128 0x19
 913 0118 03       		.uleb128 0x3
 914 0119 0E       		.uleb128 0xe
 915 011a 3A       		.uleb128 0x3a
 916 011b 0B       		.uleb128 0xb
 917 011c 3B       		.uleb128 0x3b
 918 011d 0B       		.uleb128 0xb
 919 011e 27       		.uleb128 0x27
 920 011f 19       		.uleb128 0x19
 921 0120 3C       		.uleb128 0x3c
 922 0121 19       		.uleb128 0x19
 923 0122 00       		.byte	0
 924 0123 00       		.byte	0
 925 0124 00       		.byte	0
 926              		.section	.debug_loc,"",%progbits
 927              	.Ldebug_loc0:
 928              	.LLST0:
ARM GAS  C:\Users\gding\AppData\Local\Temp\ccXruLX8.s 			page 19


 929 0000 00000000 		.4byte	.LVL0
 930 0004 09000000 		.4byte	.LVL1-1
 931 0008 0100     		.2byte	0x1
 932 000a 50       		.byte	0x50
 933 000b 09000000 		.4byte	.LVL1-1
 934 000f 60000000 		.4byte	.LVL14
 935 0013 0100     		.2byte	0x1
 936 0015 55       		.byte	0x55
 937 0016 60000000 		.4byte	.LVL14
 938 001a 98000000 		.4byte	.LVL23
 939 001e 0400     		.2byte	0x4
 940 0020 F3       		.byte	0xf3
 941 0021 01       		.uleb128 0x1
 942 0022 50       		.byte	0x50
 943 0023 9F       		.byte	0x9f
 944 0024 98000000 		.4byte	.LVL23
 945 0028 A0000000 		.4byte	.LVL25
 946 002c 0100     		.2byte	0x1
 947 002e 55       		.byte	0x55
 948 002f A0000000 		.4byte	.LVL25
 949 0033 B4000000 		.4byte	.LFE63
 950 0037 0400     		.2byte	0x4
 951 0039 F3       		.byte	0xf3
 952 003a 01       		.uleb128 0x1
 953 003b 50       		.byte	0x50
 954 003c 9F       		.byte	0x9f
 955 003d 00000000 		.4byte	0
 956 0041 00000000 		.4byte	0
 957              	.LLST1:
 958 0045 00000000 		.4byte	.LVL0
 959 0049 09000000 		.4byte	.LVL1-1
 960 004d 0100     		.2byte	0x1
 961 004f 51       		.byte	0x51
 962 0050 09000000 		.4byte	.LVL1-1
 963 0054 40000000 		.4byte	.LVL9
 964 0058 0100     		.2byte	0x1
 965 005a 54       		.byte	0x54
 966 005b 40000000 		.4byte	.LVL9
 967 005f 98000000 		.4byte	.LVL23
 968 0063 0400     		.2byte	0x4
 969 0065 F3       		.byte	0xf3
 970 0066 01       		.uleb128 0x1
 971 0067 51       		.byte	0x51
 972 0068 9F       		.byte	0x9f
 973 0069 98000000 		.4byte	.LVL23
 974 006d 9A000000 		.4byte	.LVL24
 975 0071 0100     		.2byte	0x1
 976 0073 54       		.byte	0x54
 977 0074 9A000000 		.4byte	.LVL24
 978 0078 B4000000 		.4byte	.LFE63
 979 007c 0400     		.2byte	0x4
 980 007e F3       		.byte	0xf3
 981 007f 01       		.uleb128 0x1
 982 0080 51       		.byte	0x51
 983 0081 9F       		.byte	0x9f
 984 0082 00000000 		.4byte	0
 985 0086 00000000 		.4byte	0
ARM GAS  C:\Users\gding\AppData\Local\Temp\ccXruLX8.s 			page 20


 986              	.LLST2:
 987 008a 00000000 		.4byte	.LVL0
 988 008e 09000000 		.4byte	.LVL1-1
 989 0092 0100     		.2byte	0x1
 990 0094 52       		.byte	0x52
 991 0095 09000000 		.4byte	.LVL1-1
 992 0099 5E000000 		.4byte	.LVL13
 993 009d 0400     		.2byte	0x4
 994 009f F3       		.byte	0xf3
 995 00a0 01       		.uleb128 0x1
 996 00a1 52       		.byte	0x52
 997 00a2 9F       		.byte	0x9f
 998 00a3 5E000000 		.4byte	.LVL13
 999 00a7 64000000 		.4byte	.LVL15
 1000 00ab 0100     		.2byte	0x1
 1001 00ad 50       		.byte	0x50
 1002 00ae 64000000 		.4byte	.LVL15
 1003 00b2 98000000 		.4byte	.LVL23
 1004 00b6 0100     		.2byte	0x1
 1005 00b8 55       		.byte	0x55
 1006 00b9 98000000 		.4byte	.LVL23
 1007 00bd A0000000 		.4byte	.LVL25
 1008 00c1 0400     		.2byte	0x4
 1009 00c3 F3       		.byte	0xf3
 1010 00c4 01       		.uleb128 0x1
 1011 00c5 52       		.byte	0x52
 1012 00c6 9F       		.byte	0x9f
 1013 00c7 A0000000 		.4byte	.LVL25
 1014 00cb A4000000 		.4byte	.LVL26
 1015 00cf 0100     		.2byte	0x1
 1016 00d1 50       		.byte	0x50
 1017 00d2 A4000000 		.4byte	.LVL26
 1018 00d6 A6000000 		.4byte	.LVL27
 1019 00da 0100     		.2byte	0x1
 1020 00dc 55       		.byte	0x55
 1021 00dd 00000000 		.4byte	0
 1022 00e1 00000000 		.4byte	0
 1023              		.section	.debug_aranges,"",%progbits
 1024 0000 1C000000 		.4byte	0x1c
 1025 0004 0200     		.2byte	0x2
 1026 0006 00000000 		.4byte	.Ldebug_info0
 1027 000a 04       		.byte	0x4
 1028 000b 00       		.byte	0
 1029 000c 0000     		.2byte	0
 1030 000e 0000     		.2byte	0
 1031 0010 00000000 		.4byte	.LFB63
 1032 0014 B4000000 		.4byte	.LFE63-.LFB63
 1033 0018 00000000 		.4byte	0
 1034 001c 00000000 		.4byte	0
 1035              		.section	.debug_ranges,"",%progbits
 1036              	.Ldebug_ranges0:
 1037 0000 00000000 		.4byte	.LFB63
 1038 0004 B4000000 		.4byte	.LFE63
 1039 0008 00000000 		.4byte	0
 1040 000c 00000000 		.4byte	0
 1041              		.section	.debug_line,"",%progbits
 1042              	.Ldebug_line0:
ARM GAS  C:\Users\gding\AppData\Local\Temp\ccXruLX8.s 			page 21


 1043 0000 F8010000 		.section	.debug_str,"MS",%progbits,1
 1043      0200BB01 
 1043      00000201 
 1043      FB0E0D00 
 1043      01010101 
 1044              	.LASF18:
 1045 0000 66696C65 		.ascii	"filename\000"
 1045      6E616D65 
 1045      00
 1046              	.LASF9:
 1047 0009 5F5F696E 		.ascii	"__int32_t\000"
 1047      7433325F 
 1047      7400
 1048              	.LASF25:
 1049 0013 46535F46 		.ascii	"FS_FormatSD\000"
 1049      6F726D61 
 1049      74534400 
 1050              	.LASF30:
 1051 001f 66756E63 		.ascii	"functions.c\000"
 1051      74696F6E 
 1051      732E6300 
 1052              	.LASF14:
 1053 002b 646F7562 		.ascii	"double\000"
 1053      6C6500
 1054              	.LASF10:
 1055 0032 696E7433 		.ascii	"int32_t\000"
 1055      325F7400 
 1056              	.LASF13:
 1057 003a 666C6F61 		.ascii	"float\000"
 1057      7400
 1058              	.LASF19:
 1059 0040 766F6C6E 		.ascii	"volname\000"
 1059      616D6500 
 1060              	.LASF23:
 1061 0048 4C454434 		.ascii	"LED4_Write\000"
 1061      5F577269 
 1061      746500
 1062              	.LASF32:
 1063 0053 496E6974 		.ascii	"Initialize_SD_Card\000"
 1063      69616C69 
 1063      7A655F53 
 1063      445F4361 
 1063      726400
 1064              	.LASF5:
 1065 0066 6C6F6E67 		.ascii	"long unsigned int\000"
 1065      20756E73 
 1065      69676E65 
 1065      6420696E 
 1065      7400
 1066              	.LASF3:
 1067 0078 73686F72 		.ascii	"short unsigned int\000"
 1067      7420756E 
 1067      7369676E 
 1067      65642069 
 1067      6E7400
 1068              	.LASF22:
 1069 008b 46535F47 		.ascii	"FS_GetVolumeName\000"
ARM GAS  C:\Users\gding\AppData\Local\Temp\ccXruLX8.s 			page 22


 1069      6574566F 
 1069      6C756D65 
 1069      4E616D65 
 1069      00
 1070              	.LASF33:
 1071 009c 49544D5F 		.ascii	"ITM_RxBuffer\000"
 1071      52784275 
 1071      66666572 
 1071      00
 1072              	.LASF1:
 1073 00a9 756E7369 		.ascii	"unsigned char\000"
 1073      676E6564 
 1073      20636861 
 1073      7200
 1074              	.LASF20:
 1075 00b7 66696C65 		.ascii	"file\000"
 1075      00
 1076              	.LASF26:
 1077 00bc 46535F46 		.ascii	"FS_FOpen\000"
 1077      4F70656E 
 1077      00
 1078              	.LASF28:
 1079 00c5 46535F57 		.ascii	"FS_Write\000"
 1079      72697465 
 1079      00
 1080              	.LASF21:
 1081 00ce 46535F4D 		.ascii	"FS_Mount\000"
 1081      6F756E74 
 1081      00
 1082              	.LASF27:
 1083 00d7 4C454436 		.ascii	"LED6_Write\000"
 1083      5F577269 
 1083      746500
 1084              	.LASF12:
 1085 00e2 75696E74 		.ascii	"uint32\000"
 1085      333200
 1086              	.LASF29:
 1087 00e9 474E5520 		.ascii	"GNU C 4.9.3 20150303 (release) [ARM/embedded-4_9-br"
 1087      4320342E 
 1087      392E3320 
 1087      32303135 
 1087      30333033 
 1088 011c 616E6368 		.ascii	"anch revision 221220] -mcpu=cortex-m3 -mthumb -g -O"
 1088      20726576 
 1088      6973696F 
 1088      6E203232 
 1088      31323230 
 1089 014f 67202D66 		.ascii	"g -ffunction-sections -ffat-lto-objects\000"
 1089      66756E63 
 1089      74696F6E 
 1089      2D736563 
 1089      74696F6E 
 1090              	.LASF8:
 1091 0177 756E7369 		.ascii	"unsigned int\000"
 1091      676E6564 
 1091      20696E74 
 1091      00
ARM GAS  C:\Users\gding\AppData\Local\Temp\ccXruLX8.s 			page 23


 1092              	.LASF35:
 1093 0184 4C454437 		.ascii	"LED7_Write\000"
 1093      5F577269 
 1093      746500
 1094              	.LASF7:
 1095 018f 6C6F6E67 		.ascii	"long long unsigned int\000"
 1095      206C6F6E 
 1095      6720756E 
 1095      7369676E 
 1095      65642069 
 1096              	.LASF17:
 1097 01a6 46535F46 		.ascii	"FS_FILE\000"
 1097      494C4500 
 1098              	.LASF16:
 1099 01ae 73697A65 		.ascii	"sizetype\000"
 1099      74797065 
 1099      00
 1100              	.LASF6:
 1101 01b7 6C6F6E67 		.ascii	"long long int\000"
 1101      206C6F6E 
 1101      6720696E 
 1101      7400
 1102              	.LASF15:
 1103 01c5 63686172 		.ascii	"char\000"
 1103      00
 1104              	.LASF31:
 1105 01ca 433A5C55 		.ascii	"C:\\Users\\gding\\Documents\\O-Vac\\PSoC\\SD_card_e"
 1105      73657273 
 1105      5C676469 
 1105      6E675C44 
 1105      6F63756D 
 1106 01f7 78616D70 		.ascii	"xample\\SD_Card.cydsn\000"
 1106      6C655C53 
 1106      445F4361 
 1106      72642E63 
 1106      7964736E 
 1107              	.LASF2:
 1108 020c 73686F72 		.ascii	"short int\000"
 1108      7420696E 
 1108      7400
 1109              	.LASF34:
 1110 0216 46535F49 		.ascii	"FS_Init\000"
 1110      6E697400 
 1111              	.LASF11:
 1112 021e 75696E74 		.ascii	"uint8\000"
 1112      3800
 1113              	.LASF4:
 1114 0224 6C6F6E67 		.ascii	"long int\000"
 1114      20696E74 
 1114      00
 1115              	.LASF0:
 1116 022d 7369676E 		.ascii	"signed char\000"
 1116      65642063 
 1116      68617200 
 1117              	.LASF24:
 1118 0239 43794465 		.ascii	"CyDelay\000"
 1118      6C617900 
ARM GAS  C:\Users\gding\AppData\Local\Temp\ccXruLX8.s 			page 24


 1119              		.ident	"GCC: (GNU Tools for ARM Embedded Processors) 4.9.3 20150303 (release) [ARM/embedded-4_9-br
