ARM GAS  C:\Users\gding\AppData\Local\Temp\ccrtDxpb.s 			page 1


   1              		.syntax unified
   2              		.cpu cortex-m3
   3              		.fpu softvfp
   4              		.eabi_attribute 20, 1
   5              		.eabi_attribute 21, 1
   6              		.eabi_attribute 23, 3
   7              		.eabi_attribute 24, 1
   8              		.eabi_attribute 25, 1
   9              		.eabi_attribute 26, 1
  10              		.eabi_attribute 30, 1
  11              		.eabi_attribute 34, 1
  12              		.eabi_attribute 18, 4
  13              		.thumb
  14              		.file	"main.c"
  15              		.text
  16              	.Ltext0:
  17              		.cfi_sections	.debug_frame
  18              		.section	.text.write,"ax",%progbits
  19              		.align	2
  20              		.global	write
  21              		.thumb
  22              		.thumb_func
  23              		.type	write, %function
  24              	write:
  25              	.LFB64:
  26              		.file 1 "main.c"
   1:main.c        **** /* ========================================
   2:main.c        ****  *
   3:main.c        ****  * Copyright YOUR COMPANY, THE YEAR
   4:main.c        ****  * All Rights Reserved
   5:main.c        ****  * UNPUBLISHED, LICENSED SOFTWARE.
   6:main.c        ****  *
   7:main.c        ****  * CONFIDENTIAL AND PROPRIETARY INFORMATION
   8:main.c        ****  * WHICH IS THE PROPERTY OF your company.
   9:main.c        ****  *
  10:main.c        ****  * ========================================
  11:main.c        **** */
  12:main.c        **** #include "project.h"
  13:main.c        **** #include "functions.h"
  14:main.c        **** #include <FS.h>
  15:main.c        **** 
  16:main.c        **** CY_ISR_PROTO(write);
  17:main.c        **** 
  18:main.c        **** int flag = 0;
  19:main.c        **** char sdFile[9] = "File.txt";
  20:main.c        **** 
  21:main.c        **** int main(void)
  22:main.c        **** {
  23:main.c        ****     char sdVolName[10];
  24:main.c        ****     FS_FILE * pFile;
  25:main.c        ****     Initialize_SD_Card(&sdFile[0], &sdVolName[0], pFile); // in functions.c
  26:main.c        ****     CyDelay(2000u);
  27:main.c        ****     CyGlobalIntEnable; /* Enable global interrupts. */
  28:main.c        ****     //LCD_Start(); // LCD start
  29:main.c        ****     Timer_1_Start();    // Timer start
  30:main.c        ****     write_to_StartEx(write); // ISR start
  31:main.c        **** 
ARM GAS  C:\Users\gding\AppData\Local\Temp\ccrtDxpb.s 			page 2


  32:main.c        ****     /* Place your initialization/startup code here (e.g. MyInst_Start()) */
  33:main.c        **** 
  34:main.c        ****     for(;;)
  35:main.c        ****     {
  36:main.c        ****         if (flag){
  37:main.c        ****             flag = 0;
  38:main.c        ****             FS_Write(pFile, "HERE\n", 5u);
  39:main.c        ****         }
  40:main.c        ****         
  41:main.c        ****         /* Place your application code here. */
  42:main.c        ****     }
  43:main.c        **** }
  44:main.c        **** 
  45:main.c        **** CY_ISR(write)
  46:main.c        **** {
  27              		.loc 1 46 0
  28              		.cfi_startproc
  29              		@ args = 0, pretend = 0, frame = 0
  30              		@ frame_needed = 0, uses_anonymous_args = 0
  31              		@ link register save eliminated.
  47:main.c        ****     flag = 1;
  32              		.loc 1 47 0
  33 0000 0122     		movs	r2, #1
  34 0002 024B     		ldr	r3, .L2
  35 0004 1A60     		str	r2, [r3]
  48:main.c        ****     /* Clear Timer bit to reset counter */
  49:main.c        ****     Timer_1_STATUS;
  36              		.loc 1 49 0
  37 0006 024B     		ldr	r3, .L2+4
  38 0008 1B78     		ldrb	r3, [r3]	@ zero_extendqisi2
  39 000a 7047     		bx	lr
  40              	.L3:
  41              		.align	2
  42              	.L2:
  43 000c 00000000 		.word	.LANCHOR0
  44 0010 67650040 		.word	1073767783
  45              		.cfi_endproc
  46              	.LFE64:
  47              		.size	write, .-write
  48              		.section	.text.main,"ax",%progbits
  49              		.align	2
  50              		.global	main
  51              		.thumb
  52              		.thumb_func
  53              		.type	main, %function
  54              	main:
  55              	.LFB63:
  22:main.c        ****     char sdVolName[10];
  56              		.loc 1 22 0
  57              		.cfi_startproc
  58              		@ args = 0, pretend = 0, frame = 16
  59              		@ frame_needed = 0, uses_anonymous_args = 0
  60 0000 00B5     		push	{lr}
  61              		.cfi_def_cfa_offset 4
  62              		.cfi_offset 14, -4
  63 0002 85B0     		sub	sp, sp, #20
  64              		.cfi_def_cfa_offset 24
ARM GAS  C:\Users\gding\AppData\Local\Temp\ccrtDxpb.s 			page 3


  25:main.c        ****     CyDelay(2000u);
  65              		.loc 1 25 0
  66 0004 0D48     		ldr	r0, .L8
  67 0006 01A9     		add	r1, sp, #4
  68 0008 0022     		movs	r2, #0
  69 000a FFF7FEFF 		bl	Initialize_SD_Card
  70              	.LVL0:
  26:main.c        ****     CyGlobalIntEnable; /* Enable global interrupts. */
  71              		.loc 1 26 0
  72 000e 4FF4FA60 		mov	r0, #2000
  73 0012 FFF7FEFF 		bl	CyDelay
  74              	.LVL1:
  27:main.c        ****     //LCD_Start(); // LCD start
  75              		.loc 1 27 0
  76              	@ 27 "main.c" 1
  77 0016 62B6     		CPSIE   i
  78              	@ 0 "" 2
  29:main.c        ****     write_to_StartEx(write); // ISR start
  79              		.loc 1 29 0
  80              		.thumb
  81 0018 FFF7FEFF 		bl	Timer_1_Start
  82              	.LVL2:
  30:main.c        **** 
  83              		.loc 1 30 0
  84 001c 0848     		ldr	r0, .L8+4
  85 001e FFF7FEFF 		bl	write_to_StartEx
  86              	.LVL3:
  87              	.L5:
  36:main.c        ****             flag = 0;
  88              		.loc 1 36 0
  89 0022 084B     		ldr	r3, .L8+8
  90 0024 1B68     		ldr	r3, [r3]
  91 0026 002B     		cmp	r3, #0
  92 0028 FBD0     		beq	.L5
  37:main.c        ****             FS_Write(pFile, "HERE\n", 5u);
  93              		.loc 1 37 0
  94 002a 0022     		movs	r2, #0
  95 002c 054B     		ldr	r3, .L8+8
  96 002e 1A60     		str	r2, [r3]
  38:main.c        ****         }
  97              		.loc 1 38 0
  98 0030 1046     		mov	r0, r2
  99 0032 0549     		ldr	r1, .L8+12
 100 0034 0522     		movs	r2, #5
 101 0036 FFF7FEFF 		bl	FS_Write
 102              	.LVL4:
 103 003a F2E7     		b	.L5
 104              	.L9:
 105              		.align	2
 106              	.L8:
 107 003c 00000000 		.word	.LANCHOR1
 108 0040 00000000 		.word	write
 109 0044 00000000 		.word	.LANCHOR0
 110 0048 00000000 		.word	.LC0
 111              		.cfi_endproc
 112              	.LFE63:
 113              		.size	main, .-main
ARM GAS  C:\Users\gding\AppData\Local\Temp\ccrtDxpb.s 			page 4


 114              		.global	sdFile
 115              		.global	flag
 116              		.data
 117              		.align	2
 118              		.set	.LANCHOR1,. + 0
 119              		.type	sdFile, %object
 120              		.size	sdFile, 9
 121              	sdFile:
 122 0000 46696C65 		.ascii	"File.txt\000"
 122      2E747874 
 122      00
 123 0009 000000   		.section	.rodata.str1.4,"aMS",%progbits,1
 124              		.align	2
 125              	.LC0:
 126 0000 48455245 		.ascii	"HERE\012\000"
 126      0A00
 127 0006 0000     		.bss
 128              		.align	2
 129              		.set	.LANCHOR0,. + 0
 130              		.type	flag, %object
 131              		.size	flag, 4
 132              	flag:
 133 0000 00000000 		.space	4
 134              		.text
 135              	.Letext0:
 136              		.file 2 "c:\\program files (x86)\\cypress\\psoc creator\\4.0\\psoc creator\\import\\gnu\\arm\\4.9.
 137              		.file 3 "c:\\program files (x86)\\cypress\\psoc creator\\4.0\\psoc creator\\import\\gnu\\arm\\4.9.
 138              		.file 4 "Generated_Source\\PSoC5/cytypes.h"
 139              		.file 5 "..\\emFile_V322c\\emFile_V322c\\Code\\Include\\PSoC5/FS_Types.h"
 140              		.file 6 "Generated_Source\\PSoC5/core_cm3.h"
 141              		.file 7 "Generated_Source\\PSoC5/CyLib.h"
 142              		.file 8 "Generated_Source\\PSoC5/write_to.h"
 143              		.file 9 "..\\emFile_V322c\\emFile_V322c\\Code\\Include\\PSoC5/FS.h"
 144              		.file 10 "functions.h"
 145              		.file 11 "Generated_Source\\PSoC5/Timer_1.h"
 146              		.section	.debug_info,"",%progbits
 147              	.Ldebug_info0:
 148 0000 68020000 		.4byte	0x268
 149 0004 0400     		.2byte	0x4
 150 0006 00000000 		.4byte	.Ldebug_abbrev0
 151 000a 04       		.byte	0x4
 152 000b 01       		.uleb128 0x1
 153 000c B7000000 		.4byte	.LASF26
 154 0010 01       		.byte	0x1
 155 0011 9A010000 		.4byte	.LASF27
 156 0015 A6010000 		.4byte	.LASF28
 157 0019 00000000 		.4byte	.Ldebug_ranges0+0
 158 001d 00000000 		.4byte	0
 159 0021 00000000 		.4byte	.Ldebug_line0
 160 0025 02       		.uleb128 0x2
 161 0026 01       		.byte	0x1
 162 0027 06       		.byte	0x6
 163 0028 12020000 		.4byte	.LASF0
 164 002c 02       		.uleb128 0x2
 165 002d 01       		.byte	0x1
 166 002e 08       		.byte	0x8
 167 002f 3C000000 		.4byte	.LASF1
ARM GAS  C:\Users\gding\AppData\Local\Temp\ccrtDxpb.s 			page 5


 168 0033 02       		.uleb128 0x2
 169 0034 02       		.byte	0x2
 170 0035 05       		.byte	0x5
 171 0036 E8010000 		.4byte	.LASF2
 172 003a 02       		.uleb128 0x2
 173 003b 02       		.byte	0x2
 174 003c 07       		.byte	0x7
 175 003d 7C000000 		.4byte	.LASF3
 176 0041 03       		.uleb128 0x3
 177 0042 0E000000 		.4byte	.LASF9
 178 0046 02       		.byte	0x2
 179 0047 3F       		.byte	0x3f
 180 0048 4C000000 		.4byte	0x4c
 181 004c 02       		.uleb128 0x2
 182 004d 04       		.byte	0x4
 183 004e 05       		.byte	0x5
 184 004f 02020000 		.4byte	.LASF4
 185 0053 02       		.uleb128 0x2
 186 0054 04       		.byte	0x4
 187 0055 07       		.byte	0x7
 188 0056 6A000000 		.4byte	.LASF5
 189 005a 02       		.uleb128 0x2
 190 005b 08       		.byte	0x8
 191 005c 05       		.byte	0x5
 192 005d 8C010000 		.4byte	.LASF6
 193 0061 02       		.uleb128 0x2
 194 0062 08       		.byte	0x8
 195 0063 07       		.byte	0x7
 196 0064 57010000 		.4byte	.LASF7
 197 0068 04       		.uleb128 0x4
 198 0069 04       		.byte	0x4
 199 006a 05       		.byte	0x5
 200 006b 696E7400 		.ascii	"int\000"
 201 006f 02       		.uleb128 0x2
 202 0070 04       		.byte	0x4
 203 0071 07       		.byte	0x7
 204 0072 4A010000 		.4byte	.LASF8
 205 0076 03       		.uleb128 0x3
 206 0077 4F000000 		.4byte	.LASF10
 207 007b 03       		.byte	0x3
 208 007c 2C       		.byte	0x2c
 209 007d 41000000 		.4byte	0x41
 210 0081 05       		.uleb128 0x5
 211 0082 F2010000 		.4byte	.LASF11
 212 0086 04       		.byte	0x4
 213 0087 9201     		.2byte	0x192
 214 0089 2C000000 		.4byte	0x2c
 215 008d 05       		.uleb128 0x5
 216 008e B0000000 		.4byte	.LASF12
 217 0092 04       		.byte	0x4
 218 0093 9401     		.2byte	0x194
 219 0095 53000000 		.4byte	0x53
 220 0099 02       		.uleb128 0x2
 221 009a 04       		.byte	0x4
 222 009b 04       		.byte	0x4
 223 009c 36000000 		.4byte	.LASF13
 224 00a0 02       		.uleb128 0x2
ARM GAS  C:\Users\gding\AppData\Local\Temp\ccrtDxpb.s 			page 6


 225 00a1 08       		.byte	0x8
 226 00a2 04       		.byte	0x4
 227 00a3 29000000 		.4byte	.LASF14
 228 00a7 02       		.uleb128 0x2
 229 00a8 01       		.byte	0x1
 230 00a9 08       		.byte	0x8
 231 00aa A1010000 		.4byte	.LASF15
 232 00ae 05       		.uleb128 0x5
 233 00af 4A000000 		.4byte	.LASF16
 234 00b3 04       		.byte	0x4
 235 00b4 3C02     		.2byte	0x23c
 236 00b6 BA000000 		.4byte	0xba
 237 00ba 06       		.uleb128 0x6
 238 00bb 81000000 		.4byte	0x81
 239 00bf 05       		.uleb128 0x5
 240 00c0 6E010000 		.4byte	.LASF17
 241 00c4 04       		.byte	0x4
 242 00c5 4E02     		.2byte	0x24e
 243 00c7 CB000000 		.4byte	0xcb
 244 00cb 07       		.uleb128 0x7
 245 00cc 04       		.byte	0x4
 246 00cd D1000000 		.4byte	0xd1
 247 00d1 08       		.uleb128 0x8
 248 00d2 02       		.uleb128 0x2
 249 00d3 04       		.byte	0x4
 250 00d4 07       		.byte	0x7
 251 00d5 83010000 		.4byte	.LASF18
 252 00d9 07       		.uleb128 0x7
 253 00da 04       		.byte	0x4
 254 00db A7000000 		.4byte	0xa7
 255 00df 03       		.uleb128 0x3
 256 00e0 7B010000 		.4byte	.LASF19
 257 00e4 05       		.byte	0x5
 258 00e5 7E       		.byte	0x7e
 259 00e6 EA000000 		.4byte	0xea
 260 00ea 09       		.uleb128 0x9
 261 00eb 7B010000 		.4byte	.LASF19
 262 00ef 07       		.uleb128 0x7
 263 00f0 04       		.byte	0x4
 264 00f1 DF000000 		.4byte	0xdf
 265 00f5 07       		.uleb128 0x7
 266 00f6 04       		.byte	0x4
 267 00f7 FB000000 		.4byte	0xfb
 268 00fb 0A       		.uleb128 0xa
 269 00fc 0B       		.uleb128 0xb
 270 00fd 8F000000 		.4byte	.LASF29
 271 0101 01       		.byte	0x1
 272 0102 2D       		.byte	0x2d
 273 0103 00000000 		.4byte	.LFB64
 274 0107 14000000 		.4byte	.LFE64-.LFB64
 275 010b 01       		.uleb128 0x1
 276 010c 9C       		.byte	0x9c
 277 010d 0C       		.uleb128 0xc
 278 010e AB000000 		.4byte	.LASF30
 279 0112 01       		.byte	0x1
 280 0113 15       		.byte	0x15
 281 0114 68000000 		.4byte	0x68
ARM GAS  C:\Users\gding\AppData\Local\Temp\ccrtDxpb.s 			page 7


 282 0118 00000000 		.4byte	.LFB63
 283 011c 4C000000 		.4byte	.LFE63-.LFB63
 284 0120 01       		.uleb128 0x1
 285 0121 9C       		.byte	0x9c
 286 0122 B4010000 		.4byte	0x1b4
 287 0126 0D       		.uleb128 0xd
 288 0127 F8010000 		.4byte	.LASF31
 289 012b 01       		.byte	0x1
 290 012c 17       		.byte	0x17
 291 012d B4010000 		.4byte	0x1b4
 292 0131 02       		.uleb128 0x2
 293 0132 91       		.byte	0x91
 294 0133 6C       		.sleb128 -20
 295 0134 0E       		.uleb128 0xe
 296 0135 30000000 		.4byte	.LASF32
 297 0139 01       		.byte	0x1
 298 013a 18       		.byte	0x18
 299 013b EF000000 		.4byte	0xef
 300 013f 0F       		.uleb128 0xf
 301 0140 0E000000 		.4byte	.LVL0
 302 0144 07020000 		.4byte	0x207
 303 0148 61010000 		.4byte	0x161
 304 014c 10       		.uleb128 0x10
 305 014d 01       		.uleb128 0x1
 306 014e 52       		.byte	0x52
 307 014f 01       		.uleb128 0x1
 308 0150 30       		.byte	0x30
 309 0151 10       		.uleb128 0x10
 310 0152 01       		.uleb128 0x1
 311 0153 51       		.byte	0x51
 312 0154 02       		.uleb128 0x2
 313 0155 91       		.byte	0x91
 314 0156 6C       		.sleb128 -20
 315 0157 10       		.uleb128 0x10
 316 0158 01       		.uleb128 0x1
 317 0159 50       		.byte	0x50
 318 015a 05       		.uleb128 0x5
 319 015b 03       		.byte	0x3
 320 015c 00000000 		.4byte	.LANCHOR1
 321 0160 00       		.byte	0
 322 0161 0F       		.uleb128 0xf
 323 0162 16000000 		.4byte	.LVL1
 324 0166 26020000 		.4byte	0x226
 325 016a 76010000 		.4byte	0x176
 326 016e 10       		.uleb128 0x10
 327 016f 01       		.uleb128 0x1
 328 0170 50       		.byte	0x50
 329 0171 03       		.uleb128 0x3
 330 0172 0A       		.byte	0xa
 331 0173 D007     		.2byte	0x7d0
 332 0175 00       		.byte	0
 333 0176 11       		.uleb128 0x11
 334 0177 1C000000 		.4byte	.LVL2
 335 017b 37020000 		.4byte	0x237
 336 017f 0F       		.uleb128 0xf
 337 0180 22000000 		.4byte	.LVL3
 338 0184 3E020000 		.4byte	0x23e
ARM GAS  C:\Users\gding\AppData\Local\Temp\ccrtDxpb.s 			page 8


 339 0188 96010000 		.4byte	0x196
 340 018c 10       		.uleb128 0x10
 341 018d 01       		.uleb128 0x1
 342 018e 50       		.byte	0x50
 343 018f 05       		.uleb128 0x5
 344 0190 03       		.byte	0x3
 345 0191 00000000 		.4byte	write
 346 0195 00       		.byte	0
 347 0196 12       		.uleb128 0x12
 348 0197 3A000000 		.4byte	.LVL4
 349 019b 4F020000 		.4byte	0x24f
 350 019f 10       		.uleb128 0x10
 351 01a0 01       		.uleb128 0x1
 352 01a1 52       		.byte	0x52
 353 01a2 01       		.uleb128 0x1
 354 01a3 35       		.byte	0x35
 355 01a4 10       		.uleb128 0x10
 356 01a5 01       		.uleb128 0x1
 357 01a6 51       		.byte	0x51
 358 01a7 05       		.uleb128 0x5
 359 01a8 03       		.byte	0x3
 360 01a9 00000000 		.4byte	.LC0
 361 01ad 10       		.uleb128 0x10
 362 01ae 01       		.uleb128 0x1
 363 01af 50       		.byte	0x50
 364 01b0 01       		.uleb128 0x1
 365 01b1 30       		.byte	0x30
 366 01b2 00       		.byte	0
 367 01b3 00       		.byte	0
 368 01b4 13       		.uleb128 0x13
 369 01b5 A7000000 		.4byte	0xa7
 370 01b9 C4010000 		.4byte	0x1c4
 371 01bd 14       		.uleb128 0x14
 372 01be D2000000 		.4byte	0xd2
 373 01c2 09       		.byte	0x9
 374 01c3 00       		.byte	0
 375 01c4 15       		.uleb128 0x15
 376 01c5 95000000 		.4byte	.LASF20
 377 01c9 06       		.byte	0x6
 378 01ca 9606     		.2byte	0x696
 379 01cc D0010000 		.4byte	0x1d0
 380 01d0 06       		.uleb128 0x6
 381 01d1 76000000 		.4byte	0x76
 382 01d5 16       		.uleb128 0x16
 383 01d6 45010000 		.4byte	.LASF21
 384 01da 01       		.byte	0x1
 385 01db 12       		.byte	0x12
 386 01dc 68000000 		.4byte	0x68
 387 01e0 05       		.uleb128 0x5
 388 01e1 03       		.byte	0x3
 389 01e2 00000000 		.4byte	flag
 390 01e6 13       		.uleb128 0x13
 391 01e7 A7000000 		.4byte	0xa7
 392 01eb F6010000 		.4byte	0x1f6
 393 01ef 14       		.uleb128 0x14
 394 01f0 D2000000 		.4byte	0xd2
 395 01f4 08       		.byte	0x8
ARM GAS  C:\Users\gding\AppData\Local\Temp\ccrtDxpb.s 			page 9


 396 01f5 00       		.byte	0
 397 01f6 16       		.uleb128 0x16
 398 01f7 0B020000 		.4byte	.LASF22
 399 01fb 01       		.byte	0x1
 400 01fc 13       		.byte	0x13
 401 01fd E6010000 		.4byte	0x1e6
 402 0201 05       		.uleb128 0x5
 403 0202 03       		.byte	0x3
 404 0203 00000000 		.4byte	sdFile
 405 0207 17       		.uleb128 0x17
 406 0208 57000000 		.4byte	.LASF33
 407 020c 0A       		.byte	0xa
 408 020d 13       		.byte	0x13
 409 020e 68000000 		.4byte	0x68
 410 0212 26020000 		.4byte	0x226
 411 0216 18       		.uleb128 0x18
 412 0217 D9000000 		.4byte	0xd9
 413 021b 18       		.uleb128 0x18
 414 021c D9000000 		.4byte	0xd9
 415 0220 18       		.uleb128 0x18
 416 0221 EF000000 		.4byte	0xef
 417 0225 00       		.byte	0
 418 0226 19       		.uleb128 0x19
 419 0227 1E020000 		.4byte	.LASF23
 420 022b 07       		.byte	0x7
 421 022c 76       		.byte	0x76
 422 022d 37020000 		.4byte	0x237
 423 0231 18       		.uleb128 0x18
 424 0232 8D000000 		.4byte	0x8d
 425 0236 00       		.byte	0
 426 0237 1A       		.uleb128 0x1a
 427 0238 00000000 		.4byte	.LASF34
 428 023c 0B       		.byte	0xb
 429 023d 5A       		.byte	0x5a
 430 023e 19       		.uleb128 0x19
 431 023f 18000000 		.4byte	.LASF24
 432 0243 08       		.byte	0x8
 433 0244 18       		.byte	0x18
 434 0245 4F020000 		.4byte	0x24f
 435 0249 18       		.uleb128 0x18
 436 024a BF000000 		.4byte	0xbf
 437 024e 00       		.byte	0
 438 024f 1B       		.uleb128 0x1b
 439 0250 A2000000 		.4byte	.LASF25
 440 0254 09       		.byte	0x9
 441 0255 4401     		.2byte	0x144
 442 0257 53000000 		.4byte	0x53
 443 025b 18       		.uleb128 0x18
 444 025c EF000000 		.4byte	0xef
 445 0260 18       		.uleb128 0x18
 446 0261 F5000000 		.4byte	0xf5
 447 0265 18       		.uleb128 0x18
 448 0266 53000000 		.4byte	0x53
 449 026a 00       		.byte	0
 450 026b 00       		.byte	0
 451              		.section	.debug_abbrev,"",%progbits
 452              	.Ldebug_abbrev0:
ARM GAS  C:\Users\gding\AppData\Local\Temp\ccrtDxpb.s 			page 10


 453 0000 01       		.uleb128 0x1
 454 0001 11       		.uleb128 0x11
 455 0002 01       		.byte	0x1
 456 0003 25       		.uleb128 0x25
 457 0004 0E       		.uleb128 0xe
 458 0005 13       		.uleb128 0x13
 459 0006 0B       		.uleb128 0xb
 460 0007 03       		.uleb128 0x3
 461 0008 0E       		.uleb128 0xe
 462 0009 1B       		.uleb128 0x1b
 463 000a 0E       		.uleb128 0xe
 464 000b 55       		.uleb128 0x55
 465 000c 17       		.uleb128 0x17
 466 000d 11       		.uleb128 0x11
 467 000e 01       		.uleb128 0x1
 468 000f 10       		.uleb128 0x10
 469 0010 17       		.uleb128 0x17
 470 0011 00       		.byte	0
 471 0012 00       		.byte	0
 472 0013 02       		.uleb128 0x2
 473 0014 24       		.uleb128 0x24
 474 0015 00       		.byte	0
 475 0016 0B       		.uleb128 0xb
 476 0017 0B       		.uleb128 0xb
 477 0018 3E       		.uleb128 0x3e
 478 0019 0B       		.uleb128 0xb
 479 001a 03       		.uleb128 0x3
 480 001b 0E       		.uleb128 0xe
 481 001c 00       		.byte	0
 482 001d 00       		.byte	0
 483 001e 03       		.uleb128 0x3
 484 001f 16       		.uleb128 0x16
 485 0020 00       		.byte	0
 486 0021 03       		.uleb128 0x3
 487 0022 0E       		.uleb128 0xe
 488 0023 3A       		.uleb128 0x3a
 489 0024 0B       		.uleb128 0xb
 490 0025 3B       		.uleb128 0x3b
 491 0026 0B       		.uleb128 0xb
 492 0027 49       		.uleb128 0x49
 493 0028 13       		.uleb128 0x13
 494 0029 00       		.byte	0
 495 002a 00       		.byte	0
 496 002b 04       		.uleb128 0x4
 497 002c 24       		.uleb128 0x24
 498 002d 00       		.byte	0
 499 002e 0B       		.uleb128 0xb
 500 002f 0B       		.uleb128 0xb
 501 0030 3E       		.uleb128 0x3e
 502 0031 0B       		.uleb128 0xb
 503 0032 03       		.uleb128 0x3
 504 0033 08       		.uleb128 0x8
 505 0034 00       		.byte	0
 506 0035 00       		.byte	0
 507 0036 05       		.uleb128 0x5
 508 0037 16       		.uleb128 0x16
 509 0038 00       		.byte	0
ARM GAS  C:\Users\gding\AppData\Local\Temp\ccrtDxpb.s 			page 11


 510 0039 03       		.uleb128 0x3
 511 003a 0E       		.uleb128 0xe
 512 003b 3A       		.uleb128 0x3a
 513 003c 0B       		.uleb128 0xb
 514 003d 3B       		.uleb128 0x3b
 515 003e 05       		.uleb128 0x5
 516 003f 49       		.uleb128 0x49
 517 0040 13       		.uleb128 0x13
 518 0041 00       		.byte	0
 519 0042 00       		.byte	0
 520 0043 06       		.uleb128 0x6
 521 0044 35       		.uleb128 0x35
 522 0045 00       		.byte	0
 523 0046 49       		.uleb128 0x49
 524 0047 13       		.uleb128 0x13
 525 0048 00       		.byte	0
 526 0049 00       		.byte	0
 527 004a 07       		.uleb128 0x7
 528 004b 0F       		.uleb128 0xf
 529 004c 00       		.byte	0
 530 004d 0B       		.uleb128 0xb
 531 004e 0B       		.uleb128 0xb
 532 004f 49       		.uleb128 0x49
 533 0050 13       		.uleb128 0x13
 534 0051 00       		.byte	0
 535 0052 00       		.byte	0
 536 0053 08       		.uleb128 0x8
 537 0054 15       		.uleb128 0x15
 538 0055 00       		.byte	0
 539 0056 27       		.uleb128 0x27
 540 0057 19       		.uleb128 0x19
 541 0058 00       		.byte	0
 542 0059 00       		.byte	0
 543 005a 09       		.uleb128 0x9
 544 005b 13       		.uleb128 0x13
 545 005c 00       		.byte	0
 546 005d 03       		.uleb128 0x3
 547 005e 0E       		.uleb128 0xe
 548 005f 3C       		.uleb128 0x3c
 549 0060 19       		.uleb128 0x19
 550 0061 00       		.byte	0
 551 0062 00       		.byte	0
 552 0063 0A       		.uleb128 0xa
 553 0064 26       		.uleb128 0x26
 554 0065 00       		.byte	0
 555 0066 00       		.byte	0
 556 0067 00       		.byte	0
 557 0068 0B       		.uleb128 0xb
 558 0069 2E       		.uleb128 0x2e
 559 006a 00       		.byte	0
 560 006b 3F       		.uleb128 0x3f
 561 006c 19       		.uleb128 0x19
 562 006d 03       		.uleb128 0x3
 563 006e 0E       		.uleb128 0xe
 564 006f 3A       		.uleb128 0x3a
 565 0070 0B       		.uleb128 0xb
 566 0071 3B       		.uleb128 0x3b
ARM GAS  C:\Users\gding\AppData\Local\Temp\ccrtDxpb.s 			page 12


 567 0072 0B       		.uleb128 0xb
 568 0073 27       		.uleb128 0x27
 569 0074 19       		.uleb128 0x19
 570 0075 11       		.uleb128 0x11
 571 0076 01       		.uleb128 0x1
 572 0077 12       		.uleb128 0x12
 573 0078 06       		.uleb128 0x6
 574 0079 40       		.uleb128 0x40
 575 007a 18       		.uleb128 0x18
 576 007b 9742     		.uleb128 0x2117
 577 007d 19       		.uleb128 0x19
 578 007e 00       		.byte	0
 579 007f 00       		.byte	0
 580 0080 0C       		.uleb128 0xc
 581 0081 2E       		.uleb128 0x2e
 582 0082 01       		.byte	0x1
 583 0083 3F       		.uleb128 0x3f
 584 0084 19       		.uleb128 0x19
 585 0085 03       		.uleb128 0x3
 586 0086 0E       		.uleb128 0xe
 587 0087 3A       		.uleb128 0x3a
 588 0088 0B       		.uleb128 0xb
 589 0089 3B       		.uleb128 0x3b
 590 008a 0B       		.uleb128 0xb
 591 008b 27       		.uleb128 0x27
 592 008c 19       		.uleb128 0x19
 593 008d 49       		.uleb128 0x49
 594 008e 13       		.uleb128 0x13
 595 008f 11       		.uleb128 0x11
 596 0090 01       		.uleb128 0x1
 597 0091 12       		.uleb128 0x12
 598 0092 06       		.uleb128 0x6
 599 0093 40       		.uleb128 0x40
 600 0094 18       		.uleb128 0x18
 601 0095 9742     		.uleb128 0x2117
 602 0097 19       		.uleb128 0x19
 603 0098 01       		.uleb128 0x1
 604 0099 13       		.uleb128 0x13
 605 009a 00       		.byte	0
 606 009b 00       		.byte	0
 607 009c 0D       		.uleb128 0xd
 608 009d 34       		.uleb128 0x34
 609 009e 00       		.byte	0
 610 009f 03       		.uleb128 0x3
 611 00a0 0E       		.uleb128 0xe
 612 00a1 3A       		.uleb128 0x3a
 613 00a2 0B       		.uleb128 0xb
 614 00a3 3B       		.uleb128 0x3b
 615 00a4 0B       		.uleb128 0xb
 616 00a5 49       		.uleb128 0x49
 617 00a6 13       		.uleb128 0x13
 618 00a7 02       		.uleb128 0x2
 619 00a8 18       		.uleb128 0x18
 620 00a9 00       		.byte	0
 621 00aa 00       		.byte	0
 622 00ab 0E       		.uleb128 0xe
 623 00ac 34       		.uleb128 0x34
ARM GAS  C:\Users\gding\AppData\Local\Temp\ccrtDxpb.s 			page 13


 624 00ad 00       		.byte	0
 625 00ae 03       		.uleb128 0x3
 626 00af 0E       		.uleb128 0xe
 627 00b0 3A       		.uleb128 0x3a
 628 00b1 0B       		.uleb128 0xb
 629 00b2 3B       		.uleb128 0x3b
 630 00b3 0B       		.uleb128 0xb
 631 00b4 49       		.uleb128 0x49
 632 00b5 13       		.uleb128 0x13
 633 00b6 00       		.byte	0
 634 00b7 00       		.byte	0
 635 00b8 0F       		.uleb128 0xf
 636 00b9 898201   		.uleb128 0x4109
 637 00bc 01       		.byte	0x1
 638 00bd 11       		.uleb128 0x11
 639 00be 01       		.uleb128 0x1
 640 00bf 31       		.uleb128 0x31
 641 00c0 13       		.uleb128 0x13
 642 00c1 01       		.uleb128 0x1
 643 00c2 13       		.uleb128 0x13
 644 00c3 00       		.byte	0
 645 00c4 00       		.byte	0
 646 00c5 10       		.uleb128 0x10
 647 00c6 8A8201   		.uleb128 0x410a
 648 00c9 00       		.byte	0
 649 00ca 02       		.uleb128 0x2
 650 00cb 18       		.uleb128 0x18
 651 00cc 9142     		.uleb128 0x2111
 652 00ce 18       		.uleb128 0x18
 653 00cf 00       		.byte	0
 654 00d0 00       		.byte	0
 655 00d1 11       		.uleb128 0x11
 656 00d2 898201   		.uleb128 0x4109
 657 00d5 00       		.byte	0
 658 00d6 11       		.uleb128 0x11
 659 00d7 01       		.uleb128 0x1
 660 00d8 31       		.uleb128 0x31
 661 00d9 13       		.uleb128 0x13
 662 00da 00       		.byte	0
 663 00db 00       		.byte	0
 664 00dc 12       		.uleb128 0x12
 665 00dd 898201   		.uleb128 0x4109
 666 00e0 01       		.byte	0x1
 667 00e1 11       		.uleb128 0x11
 668 00e2 01       		.uleb128 0x1
 669 00e3 31       		.uleb128 0x31
 670 00e4 13       		.uleb128 0x13
 671 00e5 00       		.byte	0
 672 00e6 00       		.byte	0
 673 00e7 13       		.uleb128 0x13
 674 00e8 01       		.uleb128 0x1
 675 00e9 01       		.byte	0x1
 676 00ea 49       		.uleb128 0x49
 677 00eb 13       		.uleb128 0x13
 678 00ec 01       		.uleb128 0x1
 679 00ed 13       		.uleb128 0x13
 680 00ee 00       		.byte	0
ARM GAS  C:\Users\gding\AppData\Local\Temp\ccrtDxpb.s 			page 14


 681 00ef 00       		.byte	0
 682 00f0 14       		.uleb128 0x14
 683 00f1 21       		.uleb128 0x21
 684 00f2 00       		.byte	0
 685 00f3 49       		.uleb128 0x49
 686 00f4 13       		.uleb128 0x13
 687 00f5 2F       		.uleb128 0x2f
 688 00f6 0B       		.uleb128 0xb
 689 00f7 00       		.byte	0
 690 00f8 00       		.byte	0
 691 00f9 15       		.uleb128 0x15
 692 00fa 34       		.uleb128 0x34
 693 00fb 00       		.byte	0
 694 00fc 03       		.uleb128 0x3
 695 00fd 0E       		.uleb128 0xe
 696 00fe 3A       		.uleb128 0x3a
 697 00ff 0B       		.uleb128 0xb
 698 0100 3B       		.uleb128 0x3b
 699 0101 05       		.uleb128 0x5
 700 0102 49       		.uleb128 0x49
 701 0103 13       		.uleb128 0x13
 702 0104 3F       		.uleb128 0x3f
 703 0105 19       		.uleb128 0x19
 704 0106 3C       		.uleb128 0x3c
 705 0107 19       		.uleb128 0x19
 706 0108 00       		.byte	0
 707 0109 00       		.byte	0
 708 010a 16       		.uleb128 0x16
 709 010b 34       		.uleb128 0x34
 710 010c 00       		.byte	0
 711 010d 03       		.uleb128 0x3
 712 010e 0E       		.uleb128 0xe
 713 010f 3A       		.uleb128 0x3a
 714 0110 0B       		.uleb128 0xb
 715 0111 3B       		.uleb128 0x3b
 716 0112 0B       		.uleb128 0xb
 717 0113 49       		.uleb128 0x49
 718 0114 13       		.uleb128 0x13
 719 0115 3F       		.uleb128 0x3f
 720 0116 19       		.uleb128 0x19
 721 0117 02       		.uleb128 0x2
 722 0118 18       		.uleb128 0x18
 723 0119 00       		.byte	0
 724 011a 00       		.byte	0
 725 011b 17       		.uleb128 0x17
 726 011c 2E       		.uleb128 0x2e
 727 011d 01       		.byte	0x1
 728 011e 3F       		.uleb128 0x3f
 729 011f 19       		.uleb128 0x19
 730 0120 03       		.uleb128 0x3
 731 0121 0E       		.uleb128 0xe
 732 0122 3A       		.uleb128 0x3a
 733 0123 0B       		.uleb128 0xb
 734 0124 3B       		.uleb128 0x3b
 735 0125 0B       		.uleb128 0xb
 736 0126 27       		.uleb128 0x27
 737 0127 19       		.uleb128 0x19
ARM GAS  C:\Users\gding\AppData\Local\Temp\ccrtDxpb.s 			page 15


 738 0128 49       		.uleb128 0x49
 739 0129 13       		.uleb128 0x13
 740 012a 3C       		.uleb128 0x3c
 741 012b 19       		.uleb128 0x19
 742 012c 01       		.uleb128 0x1
 743 012d 13       		.uleb128 0x13
 744 012e 00       		.byte	0
 745 012f 00       		.byte	0
 746 0130 18       		.uleb128 0x18
 747 0131 05       		.uleb128 0x5
 748 0132 00       		.byte	0
 749 0133 49       		.uleb128 0x49
 750 0134 13       		.uleb128 0x13
 751 0135 00       		.byte	0
 752 0136 00       		.byte	0
 753 0137 19       		.uleb128 0x19
 754 0138 2E       		.uleb128 0x2e
 755 0139 01       		.byte	0x1
 756 013a 3F       		.uleb128 0x3f
 757 013b 19       		.uleb128 0x19
 758 013c 03       		.uleb128 0x3
 759 013d 0E       		.uleb128 0xe
 760 013e 3A       		.uleb128 0x3a
 761 013f 0B       		.uleb128 0xb
 762 0140 3B       		.uleb128 0x3b
 763 0141 0B       		.uleb128 0xb
 764 0142 27       		.uleb128 0x27
 765 0143 19       		.uleb128 0x19
 766 0144 3C       		.uleb128 0x3c
 767 0145 19       		.uleb128 0x19
 768 0146 01       		.uleb128 0x1
 769 0147 13       		.uleb128 0x13
 770 0148 00       		.byte	0
 771 0149 00       		.byte	0
 772 014a 1A       		.uleb128 0x1a
 773 014b 2E       		.uleb128 0x2e
 774 014c 00       		.byte	0
 775 014d 3F       		.uleb128 0x3f
 776 014e 19       		.uleb128 0x19
 777 014f 03       		.uleb128 0x3
 778 0150 0E       		.uleb128 0xe
 779 0151 3A       		.uleb128 0x3a
 780 0152 0B       		.uleb128 0xb
 781 0153 3B       		.uleb128 0x3b
 782 0154 0B       		.uleb128 0xb
 783 0155 27       		.uleb128 0x27
 784 0156 19       		.uleb128 0x19
 785 0157 3C       		.uleb128 0x3c
 786 0158 19       		.uleb128 0x19
 787 0159 00       		.byte	0
 788 015a 00       		.byte	0
 789 015b 1B       		.uleb128 0x1b
 790 015c 2E       		.uleb128 0x2e
 791 015d 01       		.byte	0x1
 792 015e 3F       		.uleb128 0x3f
 793 015f 19       		.uleb128 0x19
 794 0160 03       		.uleb128 0x3
ARM GAS  C:\Users\gding\AppData\Local\Temp\ccrtDxpb.s 			page 16


 795 0161 0E       		.uleb128 0xe
 796 0162 3A       		.uleb128 0x3a
 797 0163 0B       		.uleb128 0xb
 798 0164 3B       		.uleb128 0x3b
 799 0165 05       		.uleb128 0x5
 800 0166 27       		.uleb128 0x27
 801 0167 19       		.uleb128 0x19
 802 0168 49       		.uleb128 0x49
 803 0169 13       		.uleb128 0x13
 804 016a 3C       		.uleb128 0x3c
 805 016b 19       		.uleb128 0x19
 806 016c 00       		.byte	0
 807 016d 00       		.byte	0
 808 016e 00       		.byte	0
 809              		.section	.debug_aranges,"",%progbits
 810 0000 24000000 		.4byte	0x24
 811 0004 0200     		.2byte	0x2
 812 0006 00000000 		.4byte	.Ldebug_info0
 813 000a 04       		.byte	0x4
 814 000b 00       		.byte	0
 815 000c 0000     		.2byte	0
 816 000e 0000     		.2byte	0
 817 0010 00000000 		.4byte	.LFB64
 818 0014 14000000 		.4byte	.LFE64-.LFB64
 819 0018 00000000 		.4byte	.LFB63
 820 001c 4C000000 		.4byte	.LFE63-.LFB63
 821 0020 00000000 		.4byte	0
 822 0024 00000000 		.4byte	0
 823              		.section	.debug_ranges,"",%progbits
 824              	.Ldebug_ranges0:
 825 0000 00000000 		.4byte	.LFB64
 826 0004 14000000 		.4byte	.LFE64
 827 0008 00000000 		.4byte	.LFB63
 828 000c 4C000000 		.4byte	.LFE63
 829 0010 00000000 		.4byte	0
 830 0014 00000000 		.4byte	0
 831              		.section	.debug_line,"",%progbits
 832              	.Ldebug_line0:
 833 0000 F0010000 		.section	.debug_str,"MS",%progbits,1
 833      0200C201 
 833      00000201 
 833      FB0E0D00 
 833      01010101 
 834              	.LASF34:
 835 0000 54696D65 		.ascii	"Timer_1_Start\000"
 835      725F315F 
 835      53746172 
 835      7400
 836              	.LASF9:
 837 000e 5F5F696E 		.ascii	"__int32_t\000"
 837      7433325F 
 837      7400
 838              	.LASF24:
 839 0018 77726974 		.ascii	"write_to_StartEx\000"
 839      655F746F 
 839      5F537461 
 839      72744578 
ARM GAS  C:\Users\gding\AppData\Local\Temp\ccrtDxpb.s 			page 17


 839      00
 840              	.LASF14:
 841 0029 646F7562 		.ascii	"double\000"
 841      6C6500
 842              	.LASF32:
 843 0030 7046696C 		.ascii	"pFile\000"
 843      6500
 844              	.LASF13:
 845 0036 666C6F61 		.ascii	"float\000"
 845      7400
 846              	.LASF1:
 847 003c 756E7369 		.ascii	"unsigned char\000"
 847      676E6564 
 847      20636861 
 847      7200
 848              	.LASF16:
 849 004a 72656738 		.ascii	"reg8\000"
 849      00
 850              	.LASF10:
 851 004f 696E7433 		.ascii	"int32_t\000"
 851      325F7400 
 852              	.LASF33:
 853 0057 496E6974 		.ascii	"Initialize_SD_Card\000"
 853      69616C69 
 853      7A655F53 
 853      445F4361 
 853      726400
 854              	.LASF5:
 855 006a 6C6F6E67 		.ascii	"long unsigned int\000"
 855      20756E73 
 855      69676E65 
 855      6420696E 
 855      7400
 856              	.LASF3:
 857 007c 73686F72 		.ascii	"short unsigned int\000"
 857      7420756E 
 857      7369676E 
 857      65642069 
 857      6E7400
 858              	.LASF29:
 859 008f 77726974 		.ascii	"write\000"
 859      6500
 860              	.LASF20:
 861 0095 49544D5F 		.ascii	"ITM_RxBuffer\000"
 861      52784275 
 861      66666572 
 861      00
 862              	.LASF25:
 863 00a2 46535F57 		.ascii	"FS_Write\000"
 863      72697465 
 863      00
 864              	.LASF30:
 865 00ab 6D61696E 		.ascii	"main\000"
 865      00
 866              	.LASF12:
 867 00b0 75696E74 		.ascii	"uint32\000"
 867      333200
ARM GAS  C:\Users\gding\AppData\Local\Temp\ccrtDxpb.s 			page 18


 868              	.LASF26:
 869 00b7 474E5520 		.ascii	"GNU C 4.9.3 20150303 (release) [ARM/embedded-4_9-br"
 869      4320342E 
 869      392E3320 
 869      32303135 
 869      30333033 
 870 00ea 616E6368 		.ascii	"anch revision 221220] -mcpu=cortex-m3 -mthumb -g -O"
 870      20726576 
 870      6973696F 
 870      6E203232 
 870      31323230 
 871 011d 67202D66 		.ascii	"g -ffunction-sections -ffat-lto-objects\000"
 871      66756E63 
 871      74696F6E 
 871      2D736563 
 871      74696F6E 
 872              	.LASF21:
 873 0145 666C6167 		.ascii	"flag\000"
 873      00
 874              	.LASF8:
 875 014a 756E7369 		.ascii	"unsigned int\000"
 875      676E6564 
 875      20696E74 
 875      00
 876              	.LASF7:
 877 0157 6C6F6E67 		.ascii	"long long unsigned int\000"
 877      206C6F6E 
 877      6720756E 
 877      7369676E 
 877      65642069 
 878              	.LASF17:
 879 016e 63796973 		.ascii	"cyisraddress\000"
 879      72616464 
 879      72657373 
 879      00
 880              	.LASF19:
 881 017b 46535F46 		.ascii	"FS_FILE\000"
 881      494C4500 
 882              	.LASF18:
 883 0183 73697A65 		.ascii	"sizetype\000"
 883      74797065 
 883      00
 884              	.LASF6:
 885 018c 6C6F6E67 		.ascii	"long long int\000"
 885      206C6F6E 
 885      6720696E 
 885      7400
 886              	.LASF27:
 887 019a 6D61696E 		.ascii	"main.c\000"
 887      2E6300
 888              	.LASF15:
 889 01a1 63686172 		.ascii	"char\000"
 889      00
 890              	.LASF28:
 891 01a6 433A5C55 		.ascii	"C:\\Users\\gding\\Documents\\O-Vac\\PSoC\\SD_card_e"
 891      73657273 
 891      5C676469 
ARM GAS  C:\Users\gding\AppData\Local\Temp\ccrtDxpb.s 			page 19


 891      6E675C44 
 891      6F63756D 
 892 01d3 78616D70 		.ascii	"xample\\SD_Card.cydsn\000"
 892      6C655C53 
 892      445F4361 
 892      72642E63 
 892      7964736E 
 893              	.LASF2:
 894 01e8 73686F72 		.ascii	"short int\000"
 894      7420696E 
 894      7400
 895              	.LASF11:
 896 01f2 75696E74 		.ascii	"uint8\000"
 896      3800
 897              	.LASF31:
 898 01f8 7364566F 		.ascii	"sdVolName\000"
 898      6C4E616D 
 898      6500
 899              	.LASF4:
 900 0202 6C6F6E67 		.ascii	"long int\000"
 900      20696E74 
 900      00
 901              	.LASF22:
 902 020b 73644669 		.ascii	"sdFile\000"
 902      6C6500
 903              	.LASF0:
 904 0212 7369676E 		.ascii	"signed char\000"
 904      65642063 
 904      68617200 
 905              	.LASF23:
 906 021e 43794465 		.ascii	"CyDelay\000"
 906      6C617900 
 907              		.ident	"GCC: (GNU Tools for ARM Embedded Processors) 4.9.3 20150303 (release) [ARM/embedded-4_9-br
