--------------- Rebuild Started: 03/25/2017 18:25:32 Project: SD_Card, Configuration: ARM GCC 4.9-2015-q1-update Debug ---------------
Deleting file ".\SD_Card.cycdx"
Deleting file ".\SD_Card.svd"
Deleting file ".\SD_Card.rpt"
Deleting file ".\SD_Card_timing.html"
cydsfit.exe -.appdatapath "C:\Users\gding\AppData\Local\Cypress Semiconductor\PSoC Creator\4.0" -.fdsnotice -.fdswarpdepfile=warp_dependencies.txt -.fdselabdepfile=elab_dependencies.txt -.fdsbldfile=generated_files.txt -.fdsreffile=referenced_files.txt -p "C:\Users\gding\Documents\O-Vac\PSoC\SD card example\SD_Card.cydsn\SD_Card.cyprj" -d CY8C5868AXI-LP035 -s "C:\Users\gding\Documents\O-Vac\PSoC\SD card example\SD_Card.cydsn\Generated_Source\PSoC5" -- -yv2 -q10 -ygs -o2 -v3 -.fftcfgtype=LE
Elaborating Design...
HDL Generation...
Synthesis...
Tech Mapping...
Analog Placement...
Analog Routing...
Analog Code Generation...
Digital Placement...
Digital Routing...
Bitstream Generation...
Bitstream Verification...
Static timing analysis...
API Generation...
Dependency Generation...
Cleanup...
arm-none-eabi-gcc.exe -mcpu=cortex-m3 -mthumb -I..\emFile_V322c\emFile_V322c\Code\Include\PSoC5\emf32nOS -I..\emFile_V322c\emFile_V322c\Code\Include\PSoC5 -I. -IGenerated_Source\PSoC5 -Wa,-alh=.\CortexM3\ARM_GCC_493\Debug/main.lst -g -D DEBUG -Wall -ffunction-sections -Og -ffat-lto-objects -c main.c -o .\CortexM3\ARM_GCC_493\Debug\main.o
main.c: In function 'main':
main.c:28:9: warning: implicit declaration of function 'LCD_PrintString' [-Wimplicit-function-declaration]
         LCD_PrintString("SD card name:");
         ^
main.c:29:9: warning: implicit declaration of function 'LCD_Position' [-Wimplicit-function-declaration]
         LCD_Position(1u, 0u);
         ^
main.c:78:9: warning: implicit declaration of function 'LCD_ClearDisplay' [-Wimplicit-function-declaration]
         LCD_ClearDisplay();
         ^
main.c:127:5: warning: implicit declaration of function 'SPIM_1_Start' [-Wimplicit-function-declaration]
     SPIM_1_Start();
     ^
main.c:67:7: warning: 'pFile' is used uninitialized in this function [-Wuninitialized]
     if(pFile)
       ^
arm-none-eabi-gcc.exe -mcpu=cortex-m3 -mthumb -I..\emFile_V322c\emFile_V322c\Code\Include\PSoC5\emf32nOS -I..\emFile_V322c\emFile_V322c\Code\Include\PSoC5 -I. -IGenerated_Source\PSoC5 -Wa,-alh=.\CortexM3\ARM_GCC_493\Debug/cyfitter_cfg.lst -g -D DEBUG -Wall -ffunction-sections -Og -ffat-lto-objects -c Generated_Source\PSoC5\cyfitter_cfg.c -o .\CortexM3\ARM_GCC_493\Debug\cyfitter_cfg.o
arm-none-eabi-gcc.exe -mcpu=cortex-m3 -mthumb -I..\emFile_V322c\emFile_V322c\Code\Include\PSoC5\emf32nOS -I..\emFile_V322c\emFile_V322c\Code\Include\PSoC5 -I. -IGenerated_Source\PSoC5 -Wa,-alh=.\CortexM3\ARM_GCC_493\Debug/cymetadata.lst -g -D DEBUG -Wall -ffunction-sections -Og -ffat-lto-objects -c Generated_Source\PSoC5\cymetadata.c -o .\CortexM3\ARM_GCC_493\Debug\cymetadata.o
arm-none-eabi-gcc.exe -mcpu=cortex-m3 -mthumb -I..\emFile_V322c\emFile_V322c\Code\Include\PSoC5\emf32nOS -I..\emFile_V322c\emFile_V322c\Code\Include\PSoC5 -I. -IGenerated_Source\PSoC5 -Wa,-alh=.\CortexM3\ARM_GCC_493\Debug/write_to.lst -g -D DEBUG -Wall -ffunction-sections -Og -ffat-lto-objects -c Generated_Source\PSoC5\write_to.c -o .\CortexM3\ARM_GCC_493\Debug\write_to.o
arm-none-eabi-gcc.exe -mcpu=cortex-m3 -mthumb -I..\emFile_V322c\emFile_V322c\Code\Include\PSoC5\emf32nOS -I..\emFile_V322c\emFile_V322c\Code\Include\PSoC5 -I. -IGenerated_Source\PSoC5 -Wa,-alh=.\CortexM3\ARM_GCC_493\Debug/Timer_1.lst -g -D DEBUG -Wall -ffunction-sections -Og -ffat-lto-objects -c Generated_Source\PSoC5\Timer_1.c -o .\CortexM3\ARM_GCC_493\Debug\Timer_1.o
arm-none-eabi-gcc.exe -mcpu=cortex-m3 -mthumb -I..\emFile_V322c\emFile_V322c\Code\Include\PSoC5\emf32nOS -I..\emFile_V322c\emFile_V322c\Code\Include\PSoC5 -I. -IGenerated_Source\PSoC5 -Wa,-alh=.\CortexM3\ARM_GCC_493\Debug/Timer_1_PM.lst -g -D DEBUG -Wall -ffunction-sections -Og -ffat-lto-objects -c Generated_Source\PSoC5\Timer_1_PM.c -o .\CortexM3\ARM_GCC_493\Debug\Timer_1_PM.o
arm-none-eabi-gcc.exe -mcpu=cortex-m3 -mthumb -I..\emFile_V322c\emFile_V322c\Code\Include\PSoC5\emf32nOS -I..\emFile_V322c\emFile_V322c\Code\Include\PSoC5 -I. -IGenerated_Source\PSoC5 -Wa,-alh=.\CortexM3\ARM_GCC_493\Debug/Cm3Start.lst -g -D DEBUG -Wall -ffunction-sections -Og -ffat-lto-objects -c Generated_Source\PSoC5\Cm3Start.c -o .\CortexM3\ARM_GCC_493\Debug\Cm3Start.o
arm-none-eabi-gcc.exe -mcpu=cortex-m3 -mthumb -I..\emFile_V322c\emFile_V322c\Code\Include\PSoC5\emf32nOS -I..\emFile_V322c\emFile_V322c\Code\Include\PSoC5 -I. -IGenerated_Source\PSoC5 -Wa,-alh=.\CortexM3\ARM_GCC_493\Debug/CyDmac.lst -g -D DEBUG -Wall -ffunction-sections -Og -ffat-lto-objects -c Generated_Source\PSoC5\CyDmac.c -o .\CortexM3\ARM_GCC_493\Debug\CyDmac.o
arm-none-eabi-gcc.exe -mcpu=cortex-m3 -mthumb -I..\emFile_V322c\emFile_V322c\Code\Include\PSoC5\emf32nOS -I..\emFile_V322c\emFile_V322c\Code\Include\PSoC5 -I. -IGenerated_Source\PSoC5 -Wa,-alh=.\CortexM3\ARM_GCC_493\Debug/CyFlash.lst -g -D DEBUG -Wall -ffunction-sections -Og -ffat-lto-objects -c Generated_Source\PSoC5\CyFlash.c -o .\CortexM3\ARM_GCC_493\Debug\CyFlash.o
arm-none-eabi-gcc.exe -mcpu=cortex-m3 -mthumb -I..\emFile_V322c\emFile_V322c\Code\Include\PSoC5\emf32nOS -I..\emFile_V322c\emFile_V322c\Code\Include\PSoC5 -I. -IGenerated_Source\PSoC5 -Wa,-alh=.\CortexM3\ARM_GCC_493\Debug/CyLib.lst -g -D DEBUG -Wall -ffunction-sections -Og -ffat-lto-objects -c Generated_Source\PSoC5\CyLib.c -o .\CortexM3\ARM_GCC_493\Debug\CyLib.o
arm-none-eabi-gcc.exe -mcpu=cortex-m3 -mthumb -I..\emFile_V322c\emFile_V322c\Code\Include\PSoC5\emf32nOS -I..\emFile_V322c\emFile_V322c\Code\Include\PSoC5 -I. -IGenerated_Source\PSoC5 -Wa,-alh=.\CortexM3\ARM_GCC_493\Debug/cyPm.lst -g -D DEBUG -Wall -ffunction-sections -Og -ffat-lto-objects -c Generated_Source\PSoC5\cyPm.c -o .\CortexM3\ARM_GCC_493\Debug\cyPm.o
arm-none-eabi-gcc.exe -mcpu=cortex-m3 -mthumb -I..\emFile_V322c\emFile_V322c\Code\Include\PSoC5\emf32nOS -I..\emFile_V322c\emFile_V322c\Code\Include\PSoC5 -I. -IGenerated_Source\PSoC5 -Wa,-alh=.\CortexM3\ARM_GCC_493\Debug/CySpc.lst -g -D DEBUG -Wall -ffunction-sections -Og -ffat-lto-objects -c Generated_Source\PSoC5\CySpc.c -o .\CortexM3\ARM_GCC_493\Debug\CySpc.o
arm-none-eabi-gcc.exe -mcpu=cortex-m3 -mthumb -I..\emFile_V322c\emFile_V322c\Code\Include\PSoC5\emf32nOS -I..\emFile_V322c\emFile_V322c\Code\Include\PSoC5 -I. -IGenerated_Source\PSoC5 -Wa,-alh=.\CortexM3\ARM_GCC_493\Debug/cyutils.lst -g -D DEBUG -Wall -ffunction-sections -Og -ffat-lto-objects -c Generated_Source\PSoC5\cyutils.c -o .\CortexM3\ARM_GCC_493\Debug\cyutils.o
arm-none-eabi-gcc.exe -mcpu=cortex-m3 -mthumb -I..\emFile_V322c\emFile_V322c\Code\Include\PSoC5\emf32nOS -I..\emFile_V322c\emFile_V322c\Code\Include\PSoC5 -I. -IGenerated_Source\PSoC5 -Wa,-alh=.\CortexM3\ARM_GCC_493\Debug/LCD_Char_1.lst -g -D DEBUG -Wall -ffunction-sections -Og -ffat-lto-objects -c Generated_Source\PSoC5\LCD_Char_1.c -o .\CortexM3\ARM_GCC_493\Debug\LCD_Char_1.o
arm-none-eabi-gcc.exe -mcpu=cortex-m3 -mthumb -I..\emFile_V322c\emFile_V322c\Code\Include\PSoC5\emf32nOS -I..\emFile_V322c\emFile_V322c\Code\Include\PSoC5 -I. -IGenerated_Source\PSoC5 -Wa,-alh=.\CortexM3\ARM_GCC_493\Debug/LCD_Char_1_PM.lst -g -D DEBUG -Wall -ffunction-sections -Og -ffat-lto-objects -c Generated_Source\PSoC5\LCD_Char_1_PM.c -o .\CortexM3\ARM_GCC_493\Debug\LCD_Char_1_PM.o
arm-none-eabi-gcc.exe -mcpu=cortex-m3 -mthumb -I..\emFile_V322c\emFile_V322c\Code\Include\PSoC5\emf32nOS -I..\emFile_V322c\emFile_V322c\Code\Include\PSoC5 -I. -IGenerated_Source\PSoC5 -Wa,-alh=.\CortexM3\ARM_GCC_493\Debug/LCD_Char_1_LCDPort.lst -g -D DEBUG -Wall -ffunction-sections -Og -ffat-lto-objects -c Generated_Source\PSoC5\LCD_Char_1_LCDPort.c -o .\CortexM3\ARM_GCC_493\Debug\LCD_Char_1_LCDPort.o
arm-none-eabi-gcc.exe -mcpu=cortex-m3 -mthumb -I..\emFile_V322c\emFile_V322c\Code\Include\PSoC5\emf32nOS -I..\emFile_V322c\emFile_V322c\Code\Include\PSoC5 -I. -IGenerated_Source\PSoC5 -Wa,-alh=.\CortexM3\ARM_GCC_493\Debug/emFile_ConfigMMC_SPI.lst -g -D DEBUG -Wall -ffunction-sections -Og -ffat-lto-objects -c Generated_Source\PSoC5\emFile_ConfigMMC_SPI.c -o .\CortexM3\ARM_GCC_493\Debug\emFile_ConfigMMC_SPI.o
arm-none-eabi-gcc.exe -mcpu=cortex-m3 -mthumb -I..\emFile_V322c\emFile_V322c\Code\Include\PSoC5\emf32nOS -I..\emFile_V322c\emFile_V322c\Code\Include\PSoC5 -I. -IGenerated_Source\PSoC5 -Wa,-alh=.\CortexM3\ARM_GCC_493\Debug/emFile_MMC_HW_SPI.lst -g -D DEBUG -Wall -ffunction-sections -Og -ffat-lto-objects -c Generated_Source\PSoC5\emFile_MMC_HW_SPI.c -o .\CortexM3\ARM_GCC_493\Debug\emFile_MMC_HW_SPI.o
arm-none-eabi-gcc.exe -mcpu=cortex-m3 -mthumb -I..\emFile_V322c\emFile_V322c\Code\Include\PSoC5\emf32nOS -I..\emFile_V322c\emFile_V322c\Code\Include\PSoC5 -I. -IGenerated_Source\PSoC5 -Wa,-alh=.\CortexM3\ARM_GCC_493\Debug/emFile_PM.lst -g -D DEBUG -Wall -ffunction-sections -Og -ffat-lto-objects -c Generated_Source\PSoC5\emFile_PM.c -o .\CortexM3\ARM_GCC_493\Debug\emFile_PM.o
arm-none-eabi-gcc.exe -mcpu=cortex-m3 -mthumb -I..\emFile_V322c\emFile_V322c\Code\Include\PSoC5\emf32nOS -I..\emFile_V322c\emFile_V322c\Code\Include\PSoC5 -I. -IGenerated_Source\PSoC5 -Wa,-alh=.\CortexM3\ARM_GCC_493\Debug/emFile_SPI0.lst -g -D DEBUG -Wall -ffunction-sections -Og -ffat-lto-objects -c Generated_Source\PSoC5\emFile_SPI0.c -o .\CortexM3\ARM_GCC_493\Debug\emFile_SPI0.o
arm-none-eabi-gcc.exe -mcpu=cortex-m3 -mthumb -I..\emFile_V322c\emFile_V322c\Code\Include\PSoC5\emf32nOS -I..\emFile_V322c\emFile_V322c\Code\Include\PSoC5 -I. -IGenerated_Source\PSoC5 -Wa,-alh=.\CortexM3\ARM_GCC_493\Debug/emFile_SPI0_PM.lst -g -D DEBUG -Wall -ffunction-sections -Og -ffat-lto-objects -c Generated_Source\PSoC5\emFile_SPI0_PM.c -o .\CortexM3\ARM_GCC_493\Debug\emFile_SPI0_PM.o
arm-none-eabi-gcc.exe -mcpu=cortex-m3 -mthumb -I..\emFile_V322c\emFile_V322c\Code\Include\PSoC5\emf32nOS -I..\emFile_V322c\emFile_V322c\Code\Include\PSoC5 -I. -IGenerated_Source\PSoC5 -Wa,-alh=.\CortexM3\ARM_GCC_493\Debug/emFile_SPI0_INT.lst -g -D DEBUG -Wall -ffunction-sections -Og -ffat-lto-objects -c Generated_Source\PSoC5\emFile_SPI0_INT.c -o .\CortexM3\ARM_GCC_493\Debug\emFile_SPI0_INT.o
arm-none-eabi-gcc.exe -mcpu=cortex-m3 -mthumb -I..\emFile_V322c\emFile_V322c\Code\Include\PSoC5\emf32nOS -I..\emFile_V322c\emFile_V322c\Code\Include\PSoC5 -I. -IGenerated_Source\PSoC5 -Wa,-alh=.\CortexM3\ARM_GCC_493\Debug/emFile_mosi0.lst -g -D DEBUG -Wall -ffunction-sections -Og -ffat-lto-objects -c Generated_Source\PSoC5\emFile_mosi0.c -o .\CortexM3\ARM_GCC_493\Debug\emFile_mosi0.o
arm-none-eabi-gcc.exe -mcpu=cortex-m3 -mthumb -I..\emFile_V322c\emFile_V322c\Code\Include\PSoC5\emf32nOS -I..\emFile_V322c\emFile_V322c\Code\Include\PSoC5 -I. -IGenerated_Source\PSoC5 -Wa,-alh=.\CortexM3\ARM_GCC_493\Debug/emFile_Clock_1.lst -g -D DEBUG -Wall -ffunction-sections -Og -ffat-lto-objects -c Generated_Source\PSoC5\emFile_Clock_1.c -o .\CortexM3\ARM_GCC_493\Debug\emFile_Clock_1.o
arm-none-eabi-gcc.exe -mcpu=cortex-m3 -mthumb -I..\emFile_V322c\emFile_V322c\Code\Include\PSoC5\emf32nOS -I..\emFile_V322c\emFile_V322c\Code\Include\PSoC5 -I. -IGenerated_Source\PSoC5 -Wa,-alh=.\CortexM3\ARM_GCC_493\Debug/emFile_miso0.lst -g -D DEBUG -Wall -ffunction-sections -Og -ffat-lto-objects -c Generated_Source\PSoC5\emFile_miso0.c -o .\CortexM3\ARM_GCC_493\Debug\emFile_miso0.o
arm-none-eabi-gcc.exe -mcpu=cortex-m3 -mthumb -I..\emFile_V322c\emFile_V322c\Code\Include\PSoC5\emf32nOS -I..\emFile_V322c\emFile_V322c\Code\Include\PSoC5 -I. -IGenerated_Source\PSoC5 -Wa,-alh=.\CortexM3\ARM_GCC_493\Debug/emFile_sclk0.lst -g -D DEBUG -Wall -ffunction-sections -Og -ffat-lto-objects -c Generated_Source\PSoC5\emFile_sclk0.c -o .\CortexM3\ARM_GCC_493\Debug\emFile_sclk0.o
arm-none-eabi-gcc.exe -mcpu=cortex-m3 -mthumb -I..\emFile_V322c\emFile_V322c\Code\Include\PSoC5\emf32nOS -I..\emFile_V322c\emFile_V322c\Code\Include\PSoC5 -I. -IGenerated_Source\PSoC5 -Wa,-alh=.\CortexM3\ARM_GCC_493\Debug/emFile_SPI0_CS.lst -g -D DEBUG -Wall -ffunction-sections -Og -ffat-lto-objects -c Generated_Source\PSoC5\emFile_SPI0_CS.c -o .\CortexM3\ARM_GCC_493\Debug\emFile_SPI0_CS.o
arm-none-eabi-as.exe -mcpu=cortex-m3 -mthumb -I. -IGenerated_Source\PSoC5 -alh=.\CortexM3\ARM_GCC_493\Debug/CyBootAsmGnu.lst -g -W -o .\CortexM3\ARM_GCC_493\Debug\CyBootAsmGnu.o Generated_Source\PSoC5\CyBootAsmGnu.s
arm-none-eabi-ar.exe -rs .\CortexM3\ARM_GCC_493\Debug\SD_Card.a .\CortexM3\ARM_GCC_493\Debug\cyfitter_cfg.o .\CortexM3\ARM_GCC_493\Debug\write_to.o .\CortexM3\ARM_GCC_493\Debug\Timer_1.o .\CortexM3\ARM_GCC_493\Debug\Timer_1_PM.o .\CortexM3\ARM_GCC_493\Debug\CyDmac.o .\CortexM3\ARM_GCC_493\Debug\CyFlash.o .\CortexM3\ARM_GCC_493\Debug\CyLib.o .\CortexM3\ARM_GCC_493\Debug\cyPm.o .\CortexM3\ARM_GCC_493\Debug\CySpc.o .\CortexM3\ARM_GCC_493\Debug\cyutils.o .\CortexM3\ARM_GCC_493\Debug\LCD_Char_1.o .\CortexM3\ARM_GCC_493\Debug\LCD_Char_1_PM.o .\CortexM3\ARM_GCC_493\Debug\LCD_Char_1_LCDPort.o .\CortexM3\ARM_GCC_493\Debug\emFile_ConfigMMC_SPI.o .\CortexM3\ARM_GCC_493\Debug\emFile_MMC_HW_SPI.o .\CortexM3\ARM_GCC_493\Debug\emFile_PM.o .\CortexM3\ARM_GCC_493\Debug\emFile_SPI0.o .\CortexM3\ARM_GCC_493\Debug\emFile_SPI0_PM.o .\CortexM3\ARM_GCC_493\Debug\emFile_SPI0_INT.o .\CortexM3\ARM_GCC_493\Debug\emFile_mosi0.o .\CortexM3\ARM_GCC_493\Debug\emFile_Clock_1.o .\CortexM3\ARM_GCC_493\Debug\emFile_miso0.o .\CortexM3\ARM_GCC_493\Debug\emFile_sclk0.o .\CortexM3\ARM_GCC_493\Debug\emFile_SPI0_CS.o .\CortexM3\ARM_GCC_493\Debug\CyBootAsmGnu.o
arm-none-eabi-ar.exe: creating .\CortexM3\ARM_GCC_493\Debug\SD_Card.a
arm-none-eabi-gcc.exe -Wl,--start-group -o .\CortexM3\ARM_GCC_493\Debug\SD_Card.elf .\CortexM3\ARM_GCC_493\Debug\main.o .\CortexM3\ARM_GCC_493\Debug\cymetadata.o .\CortexM3\ARM_GCC_493\Debug\Cm3Start.o .\CortexM3\ARM_GCC_493\Debug\SD_Card.a "C:\Program Files (x86)\Cypress\PSoC Creator\4.0\PSoC Creator\psoc\content\cycomponentlibrary\CyComponentLibrary.cylib\CortexM3\ARM_GCC_493\Debug\CyComponentLibrary.a" -mcpu=cortex-m3 -mthumb -g -ffunction-sections -Og -ffat-lto-objects -l emf32nOS -L Generated_Source\PSoC5 -L ..\emFile_V322c\emFile_V322c\LinkLibrary\PSoC5\GCC -Wl,-Map,.\CortexM3\ARM_GCC_493\Debug/SD_Card.map -T "C:\Users\gding\Documents\O-Vac\PSoC\SD card example\SD_Card.cydsn\Generated_Source\PSoC5\cm3gcc.ld" -specs=nano.specs -Wl,--gc-sections -Wl,--end-group
ERROR: cannot find -lemf32nOScollect2.exe: error: ld returned 1 exit status
The command 'arm-none-eabi-gcc.exe' failed with exit code '1'.
--------------- Rebuild Failed: 03/25/2017 18:25:50 ---------------
